                  :-) GROMACS - gmx mdrun, 2025.1-Homebrew (-:

Copyright 1991-2025 The GROMACS Authors.
GROMACS is free software; you can redistribute it and/or modify it
under the terms of the GNU Lesser General Public License
as published by the Free Software Foundation; either version 2.1
of the License, or (at your option) any later version.

                         Current GROMACS contributors:
       Mark Abraham           Andrey Alekseenko           Brian Andrews       
      Vladimir Basov              Paul Bauer                Hugh Bird         
      Eliane Briand               Ania Brown              Mahesh Doijade      
      Giacomo Fiorin          Stefan Fleischmann          Sergey Gorelov      
   Gilles Gouaillardet            Alan Gray              M. Eric Irrgang      
   Farzaneh Jalalypour         Petter Johansson          Carsten Kutzner      
    Grzegorz Łazarski         Justin A. Lemkul          Magnus Lundborg      
       Pascal Merz             Vedran Miletić            Dmitry Morozov      
     Lukas Müllender            Julien Nabet             Szilárd Páll      
 Andrea Pasquadibisceglie     Michele Pellegrino         Nicola Piasentin     
     Daniele Rapetti         Muhammad Umair Sadiq         Hubert Santuz       
      Roland Schulz             Michael Shirts           Tatiana Shugaeva     
     Alexey Shvetsov            Philip Turner            Alessandra Villa     
 Sebastian Wingbermühle  

                         Previous GROMACS contributors:
        Emile Apol             Rossen Apostolov           James Barnett       
  Herman J.C. Berendsen         Cathrine Bergh             Par Bjelkmar       
      Christian Blau          Viacheslav Bolnykh            Kevin Boyd        
    Aldert van Buuren          Carlo Camilloni           Rudi van Drunen      
      Anton Feenstra           Oliver Fleetwood            Vytas Gapsys       
       Gaurav Garg             Gerrit Groenhof            Bert de Groot       
      Anca Hamuraru           Vincent Hindriksen          Victor Holanda      
     Aleksei Iupinov              Joe Jordan            Christoph Junghans    
    Prashanth Kanduri        Dimitrios Karkoulis           Peter Kasson       
      Sebastian Kehl           Sebastian Keller             Jiri Kraus        
       Per Larsson              Viveca Lindahl            Erik Marklund       
    Pieter Meulenhoff           Teemu Murtola              Sander Pronk       
      Alfons Sijbers            Balint Soproni         David van der Spoel    
      Peter Tieleman            Carsten Uphoff             Jon Vincent        
     Teemu Virolainen         Christian Wennberg           Maarten Wolf       
      Artem Zhmurov       

                  Coordinated by the GROMACS project leaders:
                           Berk Hess and Erik Lindahl

GROMACS:      gmx mdrun, version 2025.1-Homebrew
Executable:   /opt/homebrew/bin/../Cellar/gromacs/2025.1/bin/gmx
Data prefix:  /opt/homebrew/bin/../Cellar/gromacs/2025.1
Working dir:  /Users/heiley/Desktop/SURP/project/nacl-box/charmm-gui
Process ID:   16827
Command line:
  gmx mdrun -v -deffnm step4.1_equilibration

GROMACS version:     2025.1-Homebrew
Precision:           mixed
Memory model:        64 bit
MPI library:         thread_mpi
OpenMP support:      enabled (GMX_OPENMP_MAX_THREADS = 128)
GPU support:         disabled
SIMD instructions:   ARM_NEON_ASIMD
CPU FFT library:     fftw-3.3.10
GPU FFT library:     none
Multi-GPU FFT:       none
TNG support:         enabled
Hwloc support:       disabled
Tracing support:     disabled
C compiler:          /opt/homebrew/opt/gcc/bin/gcc-14
C compiler flags:    -fexcess-precision=fast -funroll-all-loops -Wno-missing-field-initializers -O3 -DNDEBUG
C++ compiler:        /opt/homebrew/opt/gcc/bin/g++-14
C++ compiler flags:  -fexcess-precision=fast -funroll-all-loops -Wno-missing-field-initializers -Weverything -Wno-c++98-compat -Wno-c++98-compat-pedantic -Wno-return-std-move-in-c++11 -Wno-source-uses-openmp -Wno-c++17-extensions -Wno-documentation-unknown-command -Wno-covered-switch-default -Wno-switch-enum -Wno-switch-default -Wno-extra-semi-stmt -Wno-weak-vtables -Wno-shadow -Wno-padded -Wno-reserved-id-macro -Wno-double-promotion -Wno-exit-time-destructors -Wno-global-constructors -Wno-documentation -Wno-format-nonliteral -Wno-used-but-marked-unused -Wno-float-equal -Wno-conditional-uninitialized -Wno-conversion -Wno-disabled-macro-expansion -Wno-unused-macros -Wno-unsafe-buffer-usage -Wno-cast-function-type-strict SHELL:-fopenmp -O3 -DNDEBUG
BLAS library:        External - detected on the system
LAPACK library:      External - detected on the system


Running on 1 node with total 0 processing units
Hardware detected on host Heileys-MacBook-Air.local:
  CPU info:
    Vendor: ARM
    Brand:  Unknown CPU brand
    Family: 0   Model: 0   Stepping: 0
    Features: neon neon_asimd
  Hardware topology: Only logical processor count
    CPU limit set by OS: -1   Recommended max number of threads: 8


++++ PLEASE READ AND CITE THE FOLLOWING REFERENCE ++++
M. J. Abraham, T. Murtola, R. Schulz, S. Páll, J. C. Smith, B. Hess, E.
Lindahl
GROMACS: High performance molecular simulations through multi-level
parallelism from laptops to supercomputers
SoftwareX (2015)
DOI: 10.1016/j.softx.2015.06.001
-------- -------- --- Thank You --- -------- --------


++++ PLEASE READ AND CITE THE FOLLOWING REFERENCE ++++
S. Páll, M. J. Abraham, C. Kutzner, B. Hess, E. Lindahl
Tackling Exascale Software Challenges in Molecular Dynamics Simulations with
GROMACS
In S. Markidis & E. Laure (Eds.), Solving Software Challenges for Exascale (2015)
DOI: 10.1007/978-3-319-15976-8_1
-------- -------- --- Thank You --- -------- --------


++++ PLEASE READ AND CITE THE FOLLOWING REFERENCE ++++
S. Pronk, S. Páll, R. Schulz, P. Larsson, P. Bjelkmar, R. Apostolov, M. R.
Shirts, J. C. Smith, P. M. Kasson, D. van der Spoel, B. Hess, E. Lindahl
GROMACS 4.5: a high-throughput and highly parallel open source molecular
simulation toolkit
Bioinformatics (2013)
DOI: 10.1093/bioinformatics/btt055
-------- -------- --- Thank You --- -------- --------


++++ PLEASE READ AND CITE THE FOLLOWING REFERENCE ++++
B. Hess, C. Kutzner, D. van der Spoel, E. Lindahl
GROMACS 4: Algorithms for highly efficient, load-balanced, and scalable
molecular simulation
J. Chem. Theory Comput. (2008)
DOI: 10.1021/ct700301q
-------- -------- --- Thank You --- -------- --------


++++ PLEASE READ AND CITE THE FOLLOWING REFERENCE ++++
D. van der Spoel, E. Lindahl, B. Hess, G. Groenhof, A. E. Mark, H. J. C.
Berendsen
GROMACS: Fast, Flexible and Free
J. Comp. Chem. (2005)
DOI: 10.1002/jcc.20291
-------- -------- --- Thank You --- -------- --------


++++ PLEASE READ AND CITE THE FOLLOWING REFERENCE ++++
E. Lindahl, B. Hess, D. van der Spoel
GROMACS 3.0: A package for molecular simulation and trajectory analysis
J. Mol. Mod. (2001)
DOI: 10.1007/s008940100045
-------- -------- --- Thank You --- -------- --------


++++ PLEASE READ AND CITE THE FOLLOWING REFERENCE ++++
H. J. C. Berendsen, D. van der Spoel and R. van Drunen
GROMACS: A message-passing parallel molecular dynamics implementation
Comp. Phys. Comm. (1995)
DOI: 10.1016/0010-4655(95)00042-E
-------- -------- --- Thank You --- -------- --------

Input Parameters:
   integrator                     = md
   tinit                          = 0
   dt                             = 0.001
   nsteps                         = 125000
   init-step                      = 0
   simulation-part                = 1
   mts                            = false
   mass-repartition-factor        = 1
   comm-mode                      = Linear
   nstcomm                        = 100
   bd-fric                        = 0
   ld-seed                        = -8736912
   emtol                          = 10
   emstep                         = 0.01
   niter                          = 20
   fcstep                         = 0
   nstcgsteep                     = 1000
   nbfgscorr                      = 10
   rtpi                           = 0.05
   nstxout                        = 0
   nstvout                        = 0
   nstfout                        = 0
   nstlog                         = 1000
   nstcalcenergy                  = 100
   nstenergy                      = 1000
   nstxout-compressed             = 5000
   compressed-x-precision         = 1000
   cutoff-scheme                  = Verlet
   nstlist                        = 20
   pbc                            = xyz
   periodic-molecules             = false
   verlet-buffer-tolerance        = 0.005
   verlet-buffer-pressure-tolerance = 0.5
   rlist                          = 1.2
   coulombtype                    = PME
   coulomb-modifier               = Potential-shift
   rcoulomb-switch                = 0
   rcoulomb                       = 1.2
   epsilon-r                      = 1
   epsilon-rf                     = inf
   vdw-type                       = Cut-off
   vdw-modifier                   = Force-switch
   rvdw-switch                    = 1
   rvdw                           = 1.2
   DispCorr                       = No
   table-extension                = 1
   fourierspacing                 = 0.12
   fourier-nx                     = 60
   fourier-ny                     = 60
   fourier-nz                     = 60
   pme-order                      = 4
   ewald-rtol                     = 1e-05
   ewald-rtol-lj                  = 0.001
   lj-pme-comb-rule               = Geometric
   ewald-geometry                 = 3d
   epsilon-surface                = 0
   ensemble-temperature-setting   = constant
   ensemble-temperature           = 303.15
   tcoupl                         = V-rescale
   nsttcouple                     = 100
   nh-chain-length                = 0
   print-nose-hoover-chain-variables = false
   pcoupl                         = No
   refcoord-scaling               = No
   posres-com: not available
   posres-comB: not available
   QMMM                           = false
qm-opts:
   ngQM                           = 0
   constraint-algorithm           = Lincs
   continuation                   = false
   Shake-SOR                      = false
   shake-tol                      = 0.0001
   lincs-order                    = 4
   lincs-iter                     = 1
   lincs-warnangle                = 30
   nwall                          = 0
   wall-type                      = 9-3
   wall-r-linpot                  = -1
   wall-atomtype[0]               = -1
   wall-atomtype[1]               = -1
   wall-density[0]                = 0
   wall-density[1]                = 0
   wall-ewald-zfac                = 3
   pull                           = false
   awh                            = false
   rotation                       = false
   interactiveMD                  = false
   disre                          = No
   disre-weighting                = Conservative
   disre-mixed                    = false
   dr-fc                          = 1000
   dr-tau                         = 0
   nstdisreout                    = 100
   orire-fc                       = 0
   orire-tau                      = 0
   nstorireout                    = 100
   free-energy                    = no
   cos-acceleration               = 0
   deform (3x3):
      deform[    0]={ 0.00000e+00,  0.00000e+00,  0.00000e+00}
      deform[    1]={ 0.00000e+00,  0.00000e+00,  0.00000e+00}
      deform[    2]={ 0.00000e+00,  0.00000e+00,  0.00000e+00}
   simulated-tempering            = false
   swapcoords                     = no
   userint1                       = 0
   userint2                       = 0
   userint3                       = 0
   userint4                       = 0
   userreal1                      = 0
   userreal2                      = 0
   userreal3                      = 0
   userreal4                      = 0
   applied-forces:
     electric-field:
       x:
         E0                       = 0
         omega                    = 0
         t0                       = 0
         sigma                    = 0
       y:
         E0                       = 0
         omega                    = 0
         t0                       = 0
         sigma                    = 0
       z:
         E0                       = 0
         omega                    = 0
         t0                       = 0
         sigma                    = 0
     density-guided-simulation:
       active                     = false
       group                      = protein
       similarity-measure         = inner-product
       atom-spreading-weight      = unity
       force-constant             = 1e+09
       gaussian-transform-spreading-width = 0.2
       gaussian-transform-spreading-range-in-multiples-of-width = 4
       reference-density-filename = reference.mrc
       nst                        = 1
       normalize-densities        = true
       adaptive-force-scaling     = false
       adaptive-force-scaling-time-constant = 4
       shift-vector               = 
       transformation-matrix      = 
     qmmm-cp2k:
       active                     = false
       qmgroup                    = System
       qmmethod                   = PBE
       qmfilenames                = 
       qmcharge                   = 0
       qmmultiplicity             = 1
     colvars:
       active                     = false
       configfile                 = 
       seed                       = -1
     nnpot:
       active                     = false
       modelfile                  = model.pt
       input-group                = System
       model-input1               = 
       model-input2               = 
       model-input3               = 
       model-input4               = 
grpopts:
   nrdf:       59631
   ref-t:      303.15
   tau-t:           1
annealing:          No
annealing-npoints:           0
   acc:	           0           0           0
   nfreeze:           N           N           N
   energygrp-flags[  0]: 0

Changing nstlist from 20 to 100, rlist from 1.2 to 1.295


Initializing Domain Decomposition on 1 ranks
Dynamic load balancing: auto
Using update groups, nr 10145, average size 2.9 atoms, max. radius 0.078 nm
Minimum cell size due to atom displacement: 0.303 nm
Using 0 separate PME ranks because: there are too few total ranks for efficient splitting
Optimizing the DD grid for 1 cells with a minimum initial size of 0.303 nm
The maximum allowed number of cells is: X 23 Y 23 Z 23
Domain decomposition grid 1 x 1 x 1, separate PME ranks 0
PME domain decomposition: 1 x 1 x 1

The initial number of communication pulses is:
The initial domain decomposition cell size is:

When dynamic load balancing gets turned on, these settings will change to:
The maximum number of communication pulses is:
The minimum size for domain decomposition cells is 1.451 nm
The requested allowed shrink of DD cells (option -dds) is: 0.80
The allowed shrink of domain decomposition cells is:

Local state does not use filler particles

Using 1 MPI thread
Using 8 OpenMP threads 

System total charge: 0.000
Will do PME sum in reciprocal space for electrostatic interactions.

++++ PLEASE READ AND CITE THE FOLLOWING REFERENCE ++++
U. Essmann, L. Perera, M. L. Berkowitz, T. Darden, H. Lee, L. G. Pedersen 
A smooth particle mesh Ewald method
J. Chem. Phys. (1995)
DOI: 10.1063/1.470117
-------- -------- --- Thank You --- -------- --------

Using a Gaussian width (1/beta) of 0.384195 nm for Ewald
Potential shift: LJ r^-12: -2.648e-01 r^-6: -5.349e-01, Ewald -8.333e-06
Initialized non-bonded Coulomb Ewald tables, spacing: 1.02e-03 size: 1176



Using SIMD4xM 4x4 nonbonded short-range kernels

Using a dual 4x4 pair-list setup updated with dynamic pruning:
  outer list: updated every 100 steps, buffer 0.095 nm, rlist 1.295 nm
  inner list: updated every  20 steps, buffer 0.000 nm, rlist 1.200 nm
At tolerance 0.005 kJ/mol/ps per atom, equivalent classical 1x1 list would be:
  outer list: updated every 100 steps, buffer 0.224 nm, rlist 1.424 nm
  inner list: updated every  20 steps, buffer 0.037 nm, rlist 1.237 nm

The average pressure is off by at most 0.03 bar due to missing LJ interactions
Removing pbc first time

Linking all bonded interactions to atoms


++++ PLEASE READ AND CITE THE FOLLOWING REFERENCE ++++
S. Miyamoto, P. A. Kollman
SETTLE: An Analytical Version of the SHAKE and RATTLE Algorithms for Rigid
Water Models
J. Comp. Chem. (1992)
DOI: 10.1002/jcc.540130805
-------- -------- --- Thank You --- -------- --------


++++ PLEASE READ AND CITE THE FOLLOWING REFERENCE ++++
G. Bussi, D. Donadio, M. Parrinello
Canonical sampling through velocity rescaling
J. Chem. Phys. (2007)
DOI: 10.1063/1.2408420
-------- -------- --- Thank You --- -------- --------

There are: 29611 Atoms

Atom distribution over 1 domains: av 29611 stddev 0 min 29611 max 29611

Constraining the starting coordinates (step 0)

Constraining the coordinates at t0-dt (step 0)
Center of mass motion removal mode is Linear
We have the following groups for center of mass motion removal:
  0:  SOLV
RMS relative constraint deviation after constraining: 0.00e+00
Initial temperature: 303.548 K

Started mdrun on rank 0 Tue Jul  1 11:07:03 2025

           Step           Time
              0        0.00000

   Energies (kJ/mol)
        LJ (SR)   Coulomb (SR)   Coul. recip.      Potential    Kinetic En.
    5.86789e+04   -6.35204e+05    6.24153e+03   -5.70283e+05    7.52731e+04
   Total Energy  Conserved En.    Temperature Pressure (bar)
   -4.95010e+05   -4.95010e+05    3.03643e+02   -3.34177e+03

           Step           Time
           1000        1.00000

   Energies (kJ/mol)
        LJ (SR)   Coulomb (SR)   Coul. recip.      Potential    Kinetic En.
    5.27783e+04   -6.11125e+05    1.90364e+03   -5.56443e+05    6.97769e+04
   Total Energy  Conserved En.    Temperature Pressure (bar)
   -4.86666e+05   -4.94876e+05    2.81472e+02   -1.92229e+03

           Step           Time
           2000        2.00000

   Energies (kJ/mol)
        LJ (SR)   Coulomb (SR)   Coul. recip.      Potential    Kinetic En.
    5.15835e+04   -6.08581e+05    1.82028e+03   -5.55178e+05    7.22942e+04
   Total Energy  Conserved En.    Temperature Pressure (bar)
   -4.82883e+05   -4.94868e+05    2.91627e+02   -1.91736e+03

           Step           Time
           3000        3.00000

   Energies (kJ/mol)
        LJ (SR)   Coulomb (SR)   Coul. recip.      Potential    Kinetic En.
    5.13191e+04   -6.06161e+05    1.90891e+03   -5.52933e+05    7.28715e+04
   Total Energy  Conserved En.    Temperature Pressure (bar)
   -4.80061e+05   -4.94855e+05    2.93955e+02   -1.74642e+03

           Step           Time
           4000        4.00000

   Energies (kJ/mol)
        LJ (SR)   Coulomb (SR)   Coul. recip.      Potential    Kinetic En.
    5.06902e+04   -6.05158e+05    1.96422e+03   -5.52503e+05    7.36306e+04
   Total Energy  Conserved En.    Temperature Pressure (bar)
   -4.78873e+05   -4.94846e+05    2.97017e+02   -1.88853e+03

           Step           Time
           5000        5.00000

   Energies (kJ/mol)
        LJ (SR)   Coulomb (SR)   Coul. recip.      Potential    Kinetic En.
    5.05295e+04   -6.03407e+05    1.91604e+03   -5.50961e+05    7.38404e+04
   Total Energy  Conserved En.    Temperature Pressure (bar)
   -4.77121e+05   -4.94833e+05    2.97864e+02   -1.77383e+03

           Step           Time
           6000        6.00000

   Energies (kJ/mol)
        LJ (SR)   Coulomb (SR)   Coul. recip.      Potential    Kinetic En.
    5.13803e+04   -6.04047e+05    2.01572e+03   -5.50651e+05    7.42493e+04
   Total Energy  Conserved En.    Temperature Pressure (bar)
   -4.76402e+05   -4.94822e+05    2.99513e+02   -1.58346e+03

           Step           Time
           7000        7.00000

   Energies (kJ/mol)
        LJ (SR)   Coulomb (SR)   Coul. recip.      Potential    Kinetic En.
    5.11623e+04   -6.03819e+05    1.92647e+03   -5.50730e+05    7.45978e+04
   Total Energy  Conserved En.    Temperature Pressure (bar)
   -4.76132e+05   -4.94813e+05    3.00919e+02   -1.55931e+03

           Step           Time
           8000        8.00000

   Energies (kJ/mol)
        LJ (SR)   Coulomb (SR)   Coul. recip.      Potential    Kinetic En.
    5.07463e+04   -6.02124e+05    1.99814e+03   -5.49380e+05    7.49950e+04
   Total Energy  Conserved En.    Temperature Pressure (bar)
   -4.74385e+05   -4.94802e+05    3.02521e+02   -1.56144e+03

           Step           Time
           9000        9.00000

   Energies (kJ/mol)
        LJ (SR)   Coulomb (SR)   Coul. recip.      Potential    Kinetic En.
    5.02431e+04   -6.02164e+05    1.96908e+03   -5.49952e+05    7.54431e+04
   Total Energy  Conserved En.    Temperature Pressure (bar)
   -4.74509e+05   -4.94793e+05    3.04329e+02   -1.67152e+03

           Step           Time
          10000       10.00000

   Energies (kJ/mol)
        LJ (SR)   Coulomb (SR)   Coul. recip.      Potential    Kinetic En.
    4.92707e+04   -6.01453e+05    1.93754e+03   -5.50245e+05    7.58294e+04
   Total Energy  Conserved En.    Temperature Pressure (bar)
   -4.74416e+05   -4.94782e+05    3.05887e+02   -1.85815e+03

           Step           Time
          11000       11.00000

   Energies (kJ/mol)
        LJ (SR)   Coulomb (SR)   Coul. recip.      Potential    Kinetic En.
    4.98839e+04   -6.01156e+05    2.05131e+03   -5.49221e+05    7.48450e+04
   Total Energy  Conserved En.    Temperature Pressure (bar)
   -4.74376e+05   -4.94772e+05    3.01916e+02   -1.65188e+03

           Step           Time
          12000       12.00000

   Energies (kJ/mol)
        LJ (SR)   Coulomb (SR)   Coul. recip.      Potential    Kinetic En.
    5.04544e+04   -6.01900e+05    1.96019e+03   -5.49485e+05    7.50683e+04
   Total Energy  Conserved En.    Temperature Pressure (bar)
   -4.74417e+05   -4.94759e+05    3.02817e+02   -1.55996e+03

           Step           Time
          13000       13.00000

   Energies (kJ/mol)
        LJ (SR)   Coulomb (SR)   Coul. recip.      Potential    Kinetic En.
    5.11903e+04   -6.04117e+05    2.05525e+03   -5.50872e+05    7.61612e+04
   Total Energy  Conserved En.    Temperature Pressure (bar)
   -4.74710e+05   -4.94748e+05    3.07226e+02   -1.45775e+03

           Step           Time
          14000       14.00000

   Energies (kJ/mol)
        LJ (SR)   Coulomb (SR)   Coul. recip.      Potential    Kinetic En.
    5.03002e+04   -6.02297e+05    2.04738e+03   -5.49950e+05    7.51739e+04
   Total Energy  Conserved En.    Temperature Pressure (bar)
   -4.74776e+05   -4.94737e+05    3.03243e+02   -1.51498e+03

           Step           Time
          15000       15.00000

   Energies (kJ/mol)
        LJ (SR)   Coulomb (SR)   Coul. recip.      Potential    Kinetic En.
    5.07120e+04   -6.02694e+05    1.97450e+03   -5.50007e+05    7.52946e+04
   Total Energy  Conserved En.    Temperature Pressure (bar)
   -4.74713e+05   -4.94725e+05    3.03730e+02   -1.42684e+03

           Step           Time
          16000       16.00000

   Energies (kJ/mol)
        LJ (SR)   Coulomb (SR)   Coul. recip.      Potential    Kinetic En.
    5.05215e+04   -6.02452e+05    1.98208e+03   -5.49948e+05    7.53050e+04
   Total Energy  Conserved En.    Temperature Pressure (bar)
   -4.74643e+05   -4.94718e+05    3.03772e+02   -1.46661e+03

           Step           Time
          17000       17.00000

   Energies (kJ/mol)
        LJ (SR)   Coulomb (SR)   Coul. recip.      Potential    Kinetic En.
    5.01691e+04   -6.02438e+05    1.98063e+03   -5.50288e+05    7.50113e+04
   Total Energy  Conserved En.    Temperature Pressure (bar)
   -4.75277e+05   -4.94706e+05    3.02587e+02   -1.48588e+03

           Step           Time
          18000       18.00000

   Energies (kJ/mol)
        LJ (SR)   Coulomb (SR)   Coul. recip.      Potential    Kinetic En.
    5.21976e+04   -6.04937e+05    1.86195e+03   -5.50877e+05    7.53024e+04
   Total Energy  Conserved En.    Temperature Pressure (bar)
   -4.75575e+05   -4.94695e+05    3.03761e+02   -1.11164e+03

           Step           Time
          19000       19.00000

   Energies (kJ/mol)
        LJ (SR)   Coulomb (SR)   Coul. recip.      Potential    Kinetic En.
    5.06763e+04   -6.03914e+05    1.92627e+03   -5.51311e+05    7.54552e+04
   Total Energy  Conserved En.    Temperature Pressure (bar)
   -4.75856e+05   -4.94684e+05    3.04378e+02   -1.39503e+03

           Step           Time
          20000       20.00000

   Energies (kJ/mol)
        LJ (SR)   Coulomb (SR)   Coul. recip.      Potential    Kinetic En.
    5.13151e+04   -6.04744e+05    1.97138e+03   -5.51457e+05    7.53896e+04
   Total Energy  Conserved En.    Temperature Pressure (bar)
   -4.76068e+05   -4.94672e+05    3.04113e+02   -1.27402e+03

           Step           Time
          21000       21.00000

   Energies (kJ/mol)
        LJ (SR)   Coulomb (SR)   Coul. recip.      Potential    Kinetic En.
    5.14508e+04   -6.05145e+05    1.90332e+03   -5.51791e+05    7.47713e+04
   Total Energy  Conserved En.    Temperature Pressure (bar)
   -4.77019e+05   -4.94661e+05    3.01619e+02   -1.15499e+03

           Step           Time
          22000       22.00000

   Energies (kJ/mol)
        LJ (SR)   Coulomb (SR)   Coul. recip.      Potential    Kinetic En.
    5.20948e+04   -6.07269e+05    1.94364e+03   -5.53231e+05    7.60258e+04
   Total Energy  Conserved En.    Temperature Pressure (bar)
   -4.77205e+05   -4.94653e+05    3.06679e+02   -1.04149e+03

           Step           Time
          23000       23.00000

   Energies (kJ/mol)
        LJ (SR)   Coulomb (SR)   Coul. recip.      Potential    Kinetic En.
    5.07534e+04   -6.06635e+05    1.93231e+03   -5.53949e+05    7.51950e+04
   Total Energy  Conserved En.    Temperature Pressure (bar)
   -4.78754e+05   -4.94640e+05    3.03328e+02   -1.30833e+03

           Step           Time
          24000       24.00000

   Energies (kJ/mol)
        LJ (SR)   Coulomb (SR)   Coul. recip.      Potential    Kinetic En.
    5.18742e+04   -6.07730e+05    1.93148e+03   -5.53924e+05    7.59130e+04
   Total Energy  Conserved En.    Temperature Pressure (bar)
   -4.78011e+05   -4.94630e+05    3.06225e+02   -9.99553e+02

           Step           Time
          25000       25.00000

   Energies (kJ/mol)
        LJ (SR)   Coulomb (SR)   Coul. recip.      Potential    Kinetic En.
    5.16419e+04   -6.07390e+05    1.92958e+03   -5.53819e+05    7.55650e+04
   Total Energy  Conserved En.    Temperature Pressure (bar)
   -4.78254e+05   -4.94619e+05    3.04820e+02   -1.04360e+03

Writing checkpoint, step 25100 at Tue Jul  1 11:22:09 2025


           Step           Time
          26000       26.00000

   Energies (kJ/mol)
        LJ (SR)   Coulomb (SR)   Coul. recip.      Potential    Kinetic En.
    5.13920e+04   -6.08006e+05    1.96553e+03   -5.54648e+05    7.58780e+04
   Total Energy  Conserved En.    Temperature Pressure (bar)
   -4.78770e+05   -4.94608e+05    3.06083e+02   -1.02161e+03

           Step           Time
          27000       27.00000

   Energies (kJ/mol)
        LJ (SR)   Coulomb (SR)   Coul. recip.      Potential    Kinetic En.
    5.20408e+04   -6.09639e+05    1.92677e+03   -5.55672e+05    7.59520e+04
   Total Energy  Conserved En.    Temperature Pressure (bar)
   -4.79720e+05   -4.94596e+05    3.06382e+02   -9.10096e+02

           Step           Time
          28000       28.00000

   Energies (kJ/mol)
        LJ (SR)   Coulomb (SR)   Coul. recip.      Potential    Kinetic En.
    5.15172e+04   -6.08268e+05    1.89017e+03   -5.54861e+05    7.54965e+04
   Total Energy  Conserved En.    Temperature Pressure (bar)
   -4.79364e+05   -4.94584e+05    3.04544e+02   -8.63412e+02

           Step           Time
          29000       29.00000

   Energies (kJ/mol)
        LJ (SR)   Coulomb (SR)   Coul. recip.      Potential    Kinetic En.
    5.24683e+04   -6.09666e+05    1.99407e+03   -5.55204e+05    7.48486e+04
   Total Energy  Conserved En.    Temperature Pressure (bar)
   -4.80355e+05   -4.94574e+05    3.01931e+02   -7.38776e+02

           Step           Time
          30000       30.00000

   Energies (kJ/mol)
        LJ (SR)   Coulomb (SR)   Coul. recip.      Potential    Kinetic En.
    5.13917e+04   -6.09767e+05    1.97506e+03   -5.56400e+05    7.56547e+04
   Total Energy  Conserved En.    Temperature Pressure (bar)
   -4.80745e+05   -4.94563e+05    3.05182e+02   -9.51477e+02

           Step           Time
          31000       31.00000

   Energies (kJ/mol)
        LJ (SR)   Coulomb (SR)   Coul. recip.      Potential    Kinetic En.
    5.16805e+04   -6.10058e+05    1.92961e+03   -5.56448e+05    7.51687e+04
   Total Energy  Conserved En.    Temperature Pressure (bar)
   -4.81279e+05   -4.94554e+05    3.03222e+02   -9.25791e+02

           Step           Time
          32000       32.00000

   Energies (kJ/mol)
        LJ (SR)   Coulomb (SR)   Coul. recip.      Potential    Kinetic En.
    5.21922e+04   -6.09476e+05    1.89365e+03   -5.55390e+05    7.46200e+04
   Total Energy  Conserved En.    Temperature Pressure (bar)
   -4.80770e+05   -4.94539e+05    3.01009e+02   -7.48879e+02

           Step           Time
          33000       33.00000

   Energies (kJ/mol)
        LJ (SR)   Coulomb (SR)   Coul. recip.      Potential    Kinetic En.
    5.19207e+04   -6.10761e+05    1.89954e+03   -5.56941e+05    7.50872e+04
   Total Energy  Conserved En.    Temperature Pressure (bar)
   -4.81854e+05   -4.94530e+05    3.02893e+02   -8.33477e+02

           Step           Time
          34000       34.00000

   Energies (kJ/mol)
        LJ (SR)   Coulomb (SR)   Coul. recip.      Potential    Kinetic En.
    5.22144e+04   -6.11260e+05    1.92493e+03   -5.57121e+05    7.49986e+04
   Total Energy  Conserved En.    Temperature Pressure (bar)
   -4.82123e+05   -4.94517e+05    3.02536e+02   -7.16567e+02

           Step           Time
          35000       35.00000

   Energies (kJ/mol)
        LJ (SR)   Coulomb (SR)   Coul. recip.      Potential    Kinetic En.
    5.26193e+04   -6.11957e+05    1.92454e+03   -5.57413e+05    7.48920e+04
   Total Energy  Conserved En.    Temperature Pressure (bar)
   -4.82521e+05   -4.94508e+05    3.02106e+02   -6.61935e+02

           Step           Time
          36000       36.00000

   Energies (kJ/mol)
        LJ (SR)   Coulomb (SR)   Coul. recip.      Potential    Kinetic En.
    5.19374e+04   -6.12124e+05    1.93845e+03   -5.58248e+05    7.58380e+04
   Total Energy  Conserved En.    Temperature Pressure (bar)
   -4.82410e+05   -4.94498e+05    3.05922e+02   -7.95577e+02

           Step           Time
          37000       37.00000

   Energies (kJ/mol)
        LJ (SR)   Coulomb (SR)   Coul. recip.      Potential    Kinetic En.
    5.23244e+04   -6.12411e+05    1.88040e+03   -5.58207e+05    7.47102e+04
   Total Energy  Conserved En.    Temperature Pressure (bar)
   -4.83496e+05   -4.94485e+05    3.01373e+02   -6.33039e+02

           Step           Time
          38000       38.00000

   Energies (kJ/mol)
        LJ (SR)   Coulomb (SR)   Coul. recip.      Potential    Kinetic En.
    5.22321e+04   -6.12641e+05    1.88756e+03   -5.58521e+05    7.52773e+04
   Total Energy  Conserved En.    Temperature Pressure (bar)
   -4.83244e+05   -4.94476e+05    3.03660e+02   -7.14492e+02

           Step           Time
          39000       39.00000

   Energies (kJ/mol)
        LJ (SR)   Coulomb (SR)   Coul. recip.      Potential    Kinetic En.
    5.24710e+04   -6.11529e+05    1.86114e+03   -5.57197e+05    7.53080e+04
   Total Energy  Conserved En.    Temperature Pressure (bar)
   -4.81889e+05   -4.94464e+05    3.03784e+02   -5.72308e+02

           Step           Time
          40000       40.00000

   Energies (kJ/mol)
        LJ (SR)   Coulomb (SR)   Coul. recip.      Potential    Kinetic En.
    5.30636e+04   -6.11840e+05    1.89196e+03   -5.56884e+05    7.51003e+04
   Total Energy  Conserved En.    Temperature Pressure (bar)
   -4.81784e+05   -4.94453e+05    3.02946e+02   -4.26890e+02

           Step           Time
          41000       41.00000

   Energies (kJ/mol)
        LJ (SR)   Coulomb (SR)   Coul. recip.      Potential    Kinetic En.
    5.18670e+04   -6.10917e+05    1.86616e+03   -5.57184e+05    7.56827e+04
   Total Energy  Conserved En.    Temperature Pressure (bar)
   -4.81501e+05   -4.94442e+05    3.05296e+02   -6.46401e+02

           Step           Time
          42000       42.00000

   Energies (kJ/mol)
        LJ (SR)   Coulomb (SR)   Coul. recip.      Potential    Kinetic En.
    5.28110e+04   -6.11812e+05    1.79775e+03   -5.57203e+05    7.48163e+04
   Total Energy  Conserved En.    Temperature Pressure (bar)
   -4.82387e+05   -4.94433e+05    3.01801e+02   -5.40075e+02

           Step           Time
          43000       43.00000

   Energies (kJ/mol)
        LJ (SR)   Coulomb (SR)   Coul. recip.      Potential    Kinetic En.
    5.22919e+04   -6.12165e+05    1.83783e+03   -5.58035e+05    7.52409e+04
   Total Energy  Conserved En.    Temperature Pressure (bar)
   -4.82794e+05   -4.94422e+05    3.03513e+02   -6.38576e+02

           Step           Time
          44000       44.00000

   Energies (kJ/mol)
        LJ (SR)   Coulomb (SR)   Coul. recip.      Potential    Kinetic En.
    5.27895e+04   -6.13481e+05    1.89422e+03   -5.58797e+05    7.50098e+04
   Total Energy  Conserved En.    Temperature Pressure (bar)
   -4.83788e+05   -4.94412e+05    3.02581e+02   -6.44582e+02

           Step           Time
          45000       45.00000

   Energies (kJ/mol)
        LJ (SR)   Coulomb (SR)   Coul. recip.      Potential    Kinetic En.
    5.12183e+04   -6.10934e+05    1.90121e+03   -5.57814e+05    7.55517e+04
   Total Energy  Conserved En.    Temperature Pressure (bar)
   -4.82262e+05   -4.94402e+05    3.04767e+02   -7.94775e+02

           Step           Time
          46000       46.00000

   Energies (kJ/mol)
        LJ (SR)   Coulomb (SR)   Coul. recip.      Potential    Kinetic En.
    5.28769e+04   -6.12164e+05    1.92240e+03   -5.57365e+05    7.50766e+04
   Total Energy  Conserved En.    Temperature Pressure (bar)
   -4.82288e+05   -4.94389e+05    3.02851e+02   -4.79435e+02

Writing checkpoint, step 46500 at Tue Jul  1 11:37:10 2025


           Step           Time
          47000       47.00000

   Energies (kJ/mol)
        LJ (SR)   Coulomb (SR)   Coul. recip.      Potential    Kinetic En.
    5.34140e+04   -6.12682e+05    1.95687e+03   -5.57311e+05    7.56617e+04
   Total Energy  Conserved En.    Temperature Pressure (bar)
   -4.81650e+05   -4.94376e+05    3.05211e+02   -3.47413e+02

           Step           Time
          48000       48.00000

   Energies (kJ/mol)
        LJ (SR)   Coulomb (SR)   Coul. recip.      Potential    Kinetic En.
    5.18798e+04   -6.12160e+05    1.90272e+03   -5.58378e+05    7.55836e+04
   Total Energy  Conserved En.    Temperature Pressure (bar)
   -4.82794e+05   -4.94368e+05    3.04896e+02   -7.33268e+02

           Step           Time
          49000       49.00000

   Energies (kJ/mol)
        LJ (SR)   Coulomb (SR)   Coul. recip.      Potential    Kinetic En.
    5.15187e+04   -6.11806e+05    1.89007e+03   -5.58397e+05    7.47793e+04
   Total Energy  Conserved En.    Temperature Pressure (bar)
   -4.83618e+05   -4.94356e+05    3.01651e+02   -8.14281e+02

           Step           Time
          50000       50.00000

   Energies (kJ/mol)
        LJ (SR)   Coulomb (SR)   Coul. recip.      Potential    Kinetic En.
    5.16273e+04   -6.12867e+05    1.94248e+03   -5.59297e+05    7.53953e+04
   Total Energy  Conserved En.    Temperature Pressure (bar)
   -4.83902e+05   -4.94349e+05    3.04136e+02   -7.76960e+02

           Step           Time
          51000       51.00000

   Energies (kJ/mol)
        LJ (SR)   Coulomb (SR)   Coul. recip.      Potential    Kinetic En.
    5.21058e+04   -6.12894e+05    1.91174e+03   -5.58877e+05    7.50562e+04
   Total Energy  Conserved En.    Temperature Pressure (bar)
   -4.83821e+05   -4.94333e+05    3.02768e+02   -6.36945e+02

           Step           Time
          52000       52.00000

   Energies (kJ/mol)
        LJ (SR)   Coulomb (SR)   Coul. recip.      Potential    Kinetic En.
    5.33529e+04   -6.13848e+05    1.82092e+03   -5.58674e+05    7.54267e+04
   Total Energy  Conserved En.    Temperature Pressure (bar)
   -4.83248e+05   -4.94322e+05    3.04263e+02   -3.22626e+02

           Step           Time
          53000       53.00000

   Energies (kJ/mol)
        LJ (SR)   Coulomb (SR)   Coul. recip.      Potential    Kinetic En.
    5.19013e+04   -6.12382e+05    1.84126e+03   -5.58640e+05    7.54896e+04
   Total Energy  Conserved En.    Temperature Pressure (bar)
   -4.83150e+05   -4.94312e+05    3.04517e+02   -6.07818e+02

           Step           Time
          54000       54.00000

   Energies (kJ/mol)
        LJ (SR)   Coulomb (SR)   Coul. recip.      Potential    Kinetic En.
    5.18641e+04   -6.13034e+05    1.88075e+03   -5.59289e+05    7.53800e+04
   Total Energy  Conserved En.    Temperature Pressure (bar)
   -4.83909e+05   -4.94302e+05    3.04074e+02   -7.61245e+02

           Step           Time
          55000       55.00000

   Energies (kJ/mol)
        LJ (SR)   Coulomb (SR)   Coul. recip.      Potential    Kinetic En.
    5.33343e+04   -6.14331e+05    1.90974e+03   -5.59087e+05    7.48207e+04
   Total Energy  Conserved En.    Temperature Pressure (bar)
   -4.84266e+05   -4.94289e+05    3.01818e+02   -5.23850e+02

           Step           Time
          56000       56.00000

   Energies (kJ/mol)
        LJ (SR)   Coulomb (SR)   Coul. recip.      Potential    Kinetic En.
    5.29432e+04   -6.13419e+05    1.91539e+03   -5.58561e+05    7.45705e+04
   Total Energy  Conserved En.    Temperature Pressure (bar)
   -4.83990e+05   -4.94278e+05    3.00809e+02   -6.01295e+02

           Step           Time
          57000       57.00000

   Energies (kJ/mol)
        LJ (SR)   Coulomb (SR)   Coul. recip.      Potential    Kinetic En.
    5.18855e+04   -6.12833e+05    1.82250e+03   -5.59125e+05    7.58886e+04
   Total Energy  Conserved En.    Temperature Pressure (bar)
   -4.83236e+05   -4.94272e+05    3.06126e+02   -6.76859e+02

           Step           Time
          58000       58.00000

   Energies (kJ/mol)
        LJ (SR)   Coulomb (SR)   Coul. recip.      Potential    Kinetic En.
    5.30393e+04   -6.13860e+05    1.85202e+03   -5.58969e+05    7.48963e+04
   Total Energy  Conserved En.    Temperature Pressure (bar)
   -4.84073e+05   -4.94256e+05    3.02123e+02   -4.33234e+02

           Step           Time
          59000       59.00000

   Energies (kJ/mol)
        LJ (SR)   Coulomb (SR)   Coul. recip.      Potential    Kinetic En.
    5.32752e+04   -6.14428e+05    1.93371e+03   -5.59219e+05    7.46319e+04
   Total Energy  Conserved En.    Temperature Pressure (bar)
   -4.84587e+05   -4.94245e+05    3.01056e+02   -4.37964e+02

           Step           Time
          60000       60.00000

   Energies (kJ/mol)
        LJ (SR)   Coulomb (SR)   Coul. recip.      Potential    Kinetic En.
    5.24681e+04   -6.13938e+05    1.84849e+03   -5.59622e+05    7.49545e+04
   Total Energy  Conserved En.    Temperature Pressure (bar)
   -4.84667e+05   -4.94237e+05    3.02358e+02   -5.89465e+02

           Step           Time
          61000       61.00000

   Energies (kJ/mol)
        LJ (SR)   Coulomb (SR)   Coul. recip.      Potential    Kinetic En.
    5.26789e+04   -6.14218e+05    1.86740e+03   -5.59671e+05    7.46051e+04
   Total Energy  Conserved En.    Temperature Pressure (bar)
   -4.85066e+05   -4.94228e+05    3.00949e+02   -5.95700e+02

           Step           Time
          62000       62.00000

   Energies (kJ/mol)
        LJ (SR)   Coulomb (SR)   Coul. recip.      Potential    Kinetic En.
    5.27104e+04   -6.14359e+05    1.87980e+03   -5.59768e+05    7.46394e+04
   Total Energy  Conserved En.    Temperature Pressure (bar)
   -4.85129e+05   -4.94213e+05    3.01087e+02   -5.48090e+02

           Step           Time
          63000       63.00000

   Energies (kJ/mol)
        LJ (SR)   Coulomb (SR)   Coul. recip.      Potential    Kinetic En.
    5.24010e+04   -6.14235e+05    1.97378e+03   -5.59860e+05    7.51748e+04
   Total Energy  Conserved En.    Temperature Pressure (bar)
   -4.84685e+05   -4.94205e+05    3.03247e+02   -5.60184e+02

           Step           Time
          64000       64.00000

   Energies (kJ/mol)
        LJ (SR)   Coulomb (SR)   Coul. recip.      Potential    Kinetic En.
    5.23182e+04   -6.13779e+05    1.85192e+03   -5.59608e+05    7.48320e+04
   Total Energy  Conserved En.    Temperature Pressure (bar)
   -4.84777e+05   -4.94194e+05    3.01864e+02   -5.46050e+02

           Step           Time
          65000       65.00000

   Energies (kJ/mol)
        LJ (SR)   Coulomb (SR)   Coul. recip.      Potential    Kinetic En.
    5.35109e+04   -6.14559e+05    1.83149e+03   -5.59217e+05    7.53142e+04
   Total Energy  Conserved En.    Temperature Pressure (bar)
   -4.83903e+05   -4.94183e+05    3.03809e+02   -3.06937e+02

           Step           Time
          66000       66.00000

   Energies (kJ/mol)
        LJ (SR)   Coulomb (SR)   Coul. recip.      Potential    Kinetic En.
    5.38302e+04   -6.14498e+05    1.87511e+03   -5.58792e+05    7.46428e+04
   Total Energy  Conserved En.    Temperature Pressure (bar)
   -4.84150e+05   -4.94167e+05    3.01101e+02   -2.66107e+02

Writing checkpoint, step 66900 at Tue Jul  1 11:52:08 2025


           Step           Time
          67000       67.00000

   Energies (kJ/mol)
        LJ (SR)   Coulomb (SR)   Coul. recip.      Potential    Kinetic En.
    5.30790e+04   -6.15363e+05    1.86037e+03   -5.60424e+05    7.60662e+04
   Total Energy  Conserved En.    Temperature Pressure (bar)
   -4.84357e+05   -4.94162e+05    3.06842e+02   -4.76864e+02

           Step           Time
          68000       68.00000

   Energies (kJ/mol)
        LJ (SR)   Coulomb (SR)   Coul. recip.      Potential    Kinetic En.
    5.25187e+04   -6.13909e+05    1.83684e+03   -5.59553e+05    7.54021e+04
   Total Energy  Conserved En.    Temperature Pressure (bar)
   -4.84151e+05   -4.94150e+05    3.04164e+02   -5.62221e+02

           Step           Time
          69000       69.00000

   Energies (kJ/mol)
        LJ (SR)   Coulomb (SR)   Coul. recip.      Potential    Kinetic En.
    5.13686e+04   -6.12621e+05    1.81384e+03   -5.59439e+05    7.55745e+04
   Total Energy  Conserved En.    Temperature Pressure (bar)
   -4.83864e+05   -4.94139e+05    3.04859e+02   -7.70196e+02

           Step           Time
          70000       70.00000

   Energies (kJ/mol)
        LJ (SR)   Coulomb (SR)   Coul. recip.      Potential    Kinetic En.
    5.23270e+04   -6.13323e+05    1.87636e+03   -5.59120e+05    7.55392e+04
   Total Energy  Conserved En.    Temperature Pressure (bar)
   -4.83581e+05   -4.94129e+05    3.04717e+02   -5.74703e+02

           Step           Time
          71000       71.00000

   Energies (kJ/mol)
        LJ (SR)   Coulomb (SR)   Coul. recip.      Potential    Kinetic En.
    5.08072e+04   -6.10899e+05    1.82379e+03   -5.58268e+05    7.58122e+04
   Total Energy  Conserved En.    Temperature Pressure (bar)
   -4.82456e+05   -4.94117e+05    3.05818e+02   -7.80848e+02

           Step           Time
          72000       72.00000

   Energies (kJ/mol)
        LJ (SR)   Coulomb (SR)   Coul. recip.      Potential    Kinetic En.
    5.20795e+04   -6.13184e+05    1.86415e+03   -5.59240e+05    7.57701e+04
   Total Energy  Conserved En.    Temperature Pressure (bar)
   -4.83470e+05   -4.94107e+05    3.05648e+02   -5.84746e+02

           Step           Time
          73000       73.00000

   Energies (kJ/mol)
        LJ (SR)   Coulomb (SR)   Coul. recip.      Potential    Kinetic En.
    5.34463e+04   -6.14868e+05    1.83340e+03   -5.59588e+05    7.57530e+04
   Total Energy  Conserved En.    Temperature Pressure (bar)
   -4.83835e+05   -4.94097e+05    3.05579e+02   -2.68650e+02

           Step           Time
          74000       74.00000

   Energies (kJ/mol)
        LJ (SR)   Coulomb (SR)   Coul. recip.      Potential    Kinetic En.
    5.31753e+04   -6.14545e+05    1.82103e+03   -5.59548e+05    7.56298e+04
   Total Energy  Conserved En.    Temperature Pressure (bar)
   -4.83918e+05   -4.94083e+05    3.05082e+02   -3.23768e+02

           Step           Time
          75000       75.00000

   Energies (kJ/mol)
        LJ (SR)   Coulomb (SR)   Coul. recip.      Potential    Kinetic En.
    5.19734e+04   -6.13489e+05    1.92473e+03   -5.59590e+05    7.58040e+04
   Total Energy  Conserved En.    Temperature Pressure (bar)
   -4.83786e+05   -4.94075e+05    3.05785e+02   -5.83839e+02

           Step           Time
          76000       76.00000

   Energies (kJ/mol)
        LJ (SR)   Coulomb (SR)   Coul. recip.      Potential    Kinetic En.
    5.28525e+04   -6.14908e+05    1.86052e+03   -5.60195e+05    7.55731e+04
   Total Energy  Conserved En.    Temperature Pressure (bar)
   -4.84622e+05   -4.94061e+05    3.04853e+02   -4.16226e+02

           Step           Time
          77000       77.00000

   Energies (kJ/mol)
        LJ (SR)   Coulomb (SR)   Coul. recip.      Potential    Kinetic En.
    5.31169e+04   -6.13763e+05    1.84372e+03   -5.58802e+05    7.46058e+04
   Total Energy  Conserved En.    Temperature Pressure (bar)
   -4.84197e+05   -4.94052e+05    3.00951e+02   -3.54023e+02

           Step           Time
          78000       78.00000

   Energies (kJ/mol)
        LJ (SR)   Coulomb (SR)   Coul. recip.      Potential    Kinetic En.
    5.18604e+04   -6.13338e+05    1.88488e+03   -5.59593e+05    7.46933e+04
   Total Energy  Conserved En.    Temperature Pressure (bar)
   -4.84900e+05   -4.94042e+05    3.01304e+02   -6.03236e+02

           Step           Time
          79000       79.00000

   Energies (kJ/mol)
        LJ (SR)   Coulomb (SR)   Coul. recip.      Potential    Kinetic En.
    5.29303e+04   -6.13000e+05    1.82177e+03   -5.58248e+05    7.46849e+04
   Total Energy  Conserved En.    Temperature Pressure (bar)
   -4.83563e+05   -4.94028e+05    3.01271e+02   -3.40353e+02

           Step           Time
          80000       80.00000

   Energies (kJ/mol)
        LJ (SR)   Coulomb (SR)   Coul. recip.      Potential    Kinetic En.
    5.29778e+04   -6.14092e+05    1.84753e+03   -5.59267e+05    7.55996e+04
   Total Energy  Conserved En.    Temperature Pressure (bar)
   -4.83667e+05   -4.94019e+05    3.04960e+02   -4.19333e+02

           Step           Time
          81000       81.00000

   Energies (kJ/mol)
        LJ (SR)   Coulomb (SR)   Coul. recip.      Potential    Kinetic En.
    5.23829e+04   -6.13212e+05    1.84093e+03   -5.58988e+05    7.51658e+04
   Total Energy  Conserved En.    Temperature Pressure (bar)
   -4.83822e+05   -4.94008e+05    3.03210e+02   -5.62547e+02

           Step           Time
          82000       82.00000

   Energies (kJ/mol)
        LJ (SR)   Coulomb (SR)   Coul. recip.      Potential    Kinetic En.
    5.23618e+04   -6.13903e+05    1.90288e+03   -5.59638e+05    7.52885e+04
   Total Energy  Conserved En.    Temperature Pressure (bar)
   -4.84350e+05   -4.93998e+05    3.03705e+02   -6.05271e+02

           Step           Time
          83000       83.00000

   Energies (kJ/mol)
        LJ (SR)   Coulomb (SR)   Coul. recip.      Potential    Kinetic En.
    5.35353e+04   -6.15121e+05    1.89326e+03   -5.59693e+05    7.49441e+04
   Total Energy  Conserved En.    Temperature Pressure (bar)
   -4.84749e+05   -4.93988e+05    3.02316e+02   -4.39800e+02

           Step           Time
          84000       84.00000

   Energies (kJ/mol)
        LJ (SR)   Coulomb (SR)   Coul. recip.      Potential    Kinetic En.
    5.23577e+04   -6.13641e+05    1.91903e+03   -5.59364e+05    7.48989e+04
   Total Energy  Conserved En.    Temperature Pressure (bar)
   -4.84465e+05   -4.93977e+05    3.02133e+02   -6.18017e+02

           Step           Time
          85000       85.00000

   Energies (kJ/mol)
        LJ (SR)   Coulomb (SR)   Coul. recip.      Potential    Kinetic En.
    5.24908e+04   -6.13626e+05    1.91586e+03   -5.59220e+05    7.49624e+04
   Total Energy  Conserved En.    Temperature Pressure (bar)
   -4.84257e+05   -4.93964e+05    3.02390e+02   -5.73737e+02

           Step           Time
          86000       86.00000

   Energies (kJ/mol)
        LJ (SR)   Coulomb (SR)   Coul. recip.      Potential    Kinetic En.
    5.30496e+04   -6.14934e+05    1.87934e+03   -5.60005e+05    7.55070e+04
   Total Energy  Conserved En.    Temperature Pressure (bar)
   -4.84498e+05   -4.93953e+05    3.04587e+02   -4.26956e+02

           Step           Time
          87000       87.00000

   Energies (kJ/mol)
        LJ (SR)   Coulomb (SR)   Coul. recip.      Potential    Kinetic En.
    5.26480e+04   -6.14019e+05    1.82384e+03   -5.59547e+05    7.54924e+04
   Total Energy  Conserved En.    Temperature Pressure (bar)
   -4.84055e+05   -4.93943e+05    3.04528e+02   -5.02036e+02

Writing checkpoint, step 87200 at Tue Jul  1 12:07:09 2025


           Step           Time
          88000       88.00000

   Energies (kJ/mol)
        LJ (SR)   Coulomb (SR)   Coul. recip.      Potential    Kinetic En.
    5.19932e+04   -6.13271e+05    1.87991e+03   -5.59398e+05    7.53493e+04
   Total Energy  Conserved En.    Temperature Pressure (bar)
   -4.84049e+05   -4.93932e+05    3.03951e+02   -6.46835e+02

           Step           Time
          89000       89.00000

   Energies (kJ/mol)
        LJ (SR)   Coulomb (SR)   Coul. recip.      Potential    Kinetic En.
    5.35171e+04   -6.14409e+05    1.94372e+03   -5.58949e+05    7.54852e+04
   Total Energy  Conserved En.    Temperature Pressure (bar)
   -4.83463e+05   -4.93920e+05    3.04499e+02   -3.35723e+02

           Step           Time
          90000       90.00000

   Energies (kJ/mol)
        LJ (SR)   Coulomb (SR)   Coul. recip.      Potential    Kinetic En.
    5.14980e+04   -6.12674e+05    1.84828e+03   -5.59328e+05    7.56554e+04
   Total Energy  Conserved En.    Temperature Pressure (bar)
   -4.83673e+05   -4.93911e+05    3.05185e+02   -7.17514e+02

           Step           Time
          91000       91.00000

   Energies (kJ/mol)
        LJ (SR)   Coulomb (SR)   Coul. recip.      Potential    Kinetic En.
    5.27407e+04   -6.13862e+05    1.93400e+03   -5.59188e+05    7.41574e+04
   Total Energy  Conserved En.    Temperature Pressure (bar)
   -4.85030e+05   -4.93898e+05    2.99142e+02   -5.49726e+02

           Step           Time
          92000       92.00000

   Energies (kJ/mol)
        LJ (SR)   Coulomb (SR)   Coul. recip.      Potential    Kinetic En.
    5.22419e+04   -6.14138e+05    1.86283e+03   -5.60034e+05    7.47957e+04
   Total Energy  Conserved En.    Temperature Pressure (bar)
   -4.85238e+05   -4.93887e+05    3.01718e+02   -6.90457e+02

           Step           Time
          93000       93.00000

   Energies (kJ/mol)
        LJ (SR)   Coulomb (SR)   Coul. recip.      Potential    Kinetic En.
    5.32154e+04   -6.15006e+05    1.90538e+03   -5.59886e+05    7.49728e+04
   Total Energy  Conserved En.    Temperature Pressure (bar)
   -4.84913e+05   -4.93878e+05    3.02432e+02   -4.58441e+02

           Step           Time
          94000       94.00000

   Energies (kJ/mol)
        LJ (SR)   Coulomb (SR)   Coul. recip.      Potential    Kinetic En.
    5.27978e+04   -6.14046e+05    1.85751e+03   -5.59391e+05    7.55783e+04
   Total Energy  Conserved En.    Temperature Pressure (bar)
   -4.83813e+05   -4.93867e+05    3.04874e+02   -4.30899e+02

           Step           Time
          95000       95.00000

   Energies (kJ/mol)
        LJ (SR)   Coulomb (SR)   Coul. recip.      Potential    Kinetic En.
    5.21482e+04   -6.13494e+05    1.92542e+03   -5.59420e+05    7.59636e+04
   Total Energy  Conserved En.    Temperature Pressure (bar)
   -4.83456e+05   -4.93856e+05    3.06428e+02   -5.41221e+02

           Step           Time
          96000       96.00000

   Energies (kJ/mol)
        LJ (SR)   Coulomb (SR)   Coul. recip.      Potential    Kinetic En.
    5.15808e+04   -6.12571e+05    1.93168e+03   -5.59058e+05    7.54636e+04
   Total Energy  Conserved En.    Temperature Pressure (bar)
   -4.83595e+05   -4.93844e+05    3.04412e+02   -6.50170e+02

           Step           Time
          97000       97.00000

   Energies (kJ/mol)
        LJ (SR)   Coulomb (SR)   Coul. recip.      Potential    Kinetic En.
    5.31364e+04   -6.14131e+05    1.91548e+03   -5.59080e+05    7.53189e+04
   Total Energy  Conserved En.    Temperature Pressure (bar)
   -4.83761e+05   -4.93834e+05    3.03828e+02   -3.92626e+02

           Step           Time
          98000       98.00000

   Energies (kJ/mol)
        LJ (SR)   Coulomb (SR)   Coul. recip.      Potential    Kinetic En.
    5.19649e+04   -6.13098e+05    1.88964e+03   -5.59243e+05    7.54666e+04
   Total Energy  Conserved En.    Temperature Pressure (bar)
   -4.83777e+05   -4.93822e+05    3.04424e+02   -6.06609e+02

           Step           Time
          99000       99.00000

   Energies (kJ/mol)
        LJ (SR)   Coulomb (SR)   Coul. recip.      Potential    Kinetic En.
    5.31997e+04   -6.15218e+05    1.84909e+03   -5.60169e+05    7.56673e+04
   Total Energy  Conserved En.    Temperature Pressure (bar)
   -4.84501e+05   -4.93812e+05    3.05233e+02   -3.96629e+02

           Step           Time
         100000      100.00000

   Energies (kJ/mol)
        LJ (SR)   Coulomb (SR)   Coul. recip.      Potential    Kinetic En.
    5.18624e+04   -6.13295e+05    1.88450e+03   -5.59549e+05    7.54700e+04
   Total Energy  Conserved En.    Temperature Pressure (bar)
   -4.84079e+05   -4.93802e+05    3.04437e+02   -5.96264e+02

           Step           Time
         101000      101.00000

   Energies (kJ/mol)
        LJ (SR)   Coulomb (SR)   Coul. recip.      Potential    Kinetic En.
    5.33334e+04   -6.15218e+05    1.86980e+03   -5.60014e+05    7.50351e+04
   Total Energy  Conserved En.    Temperature Pressure (bar)
   -4.84979e+05   -4.93790e+05    3.02683e+02   -4.05147e+02

           Step           Time
         102000      102.00000

   Energies (kJ/mol)
        LJ (SR)   Coulomb (SR)   Coul. recip.      Potential    Kinetic En.
    5.28290e+04   -6.14909e+05    1.84262e+03   -5.60237e+05    7.53708e+04
   Total Energy  Conserved En.    Temperature Pressure (bar)
   -4.84866e+05   -4.93779e+05    3.04037e+02   -4.80886e+02

           Step           Time
         103000      103.00000

   Energies (kJ/mol)
        LJ (SR)   Coulomb (SR)   Coul. recip.      Potential    Kinetic En.
    5.34377e+04   -6.15223e+05    1.88728e+03   -5.59898e+05    7.52138e+04
   Total Energy  Conserved En.    Temperature Pressure (bar)
   -4.84684e+05   -4.93768e+05    3.03404e+02   -3.18364e+02

           Step           Time
         104000      104.00000

   Energies (kJ/mol)
        LJ (SR)   Coulomb (SR)   Coul. recip.      Potential    Kinetic En.
    5.20955e+04   -6.13229e+05    1.91594e+03   -5.59218e+05    7.48802e+04
   Total Energy  Conserved En.    Temperature Pressure (bar)
   -4.84338e+05   -4.93758e+05    3.02058e+02   -5.88184e+02

           Step           Time
         105000      105.00000

   Energies (kJ/mol)
        LJ (SR)   Coulomb (SR)   Coul. recip.      Potential    Kinetic En.
    5.20591e+04   -6.12945e+05    1.89465e+03   -5.58992e+05    7.51689e+04
   Total Energy  Conserved En.    Temperature Pressure (bar)
   -4.83823e+05   -4.93747e+05    3.03223e+02   -5.70510e+02

           Step           Time
         106000      106.00000

   Energies (kJ/mol)
        LJ (SR)   Coulomb (SR)   Coul. recip.      Potential    Kinetic En.
    5.27528e+04   -6.14066e+05    1.92188e+03   -5.59392e+05    7.59707e+04
   Total Energy  Conserved En.    Temperature Pressure (bar)
   -4.83421e+05   -4.93734e+05    3.06457e+02   -3.99787e+02

           Step           Time
         107000      107.00000

   Energies (kJ/mol)
        LJ (SR)   Coulomb (SR)   Coul. recip.      Potential    Kinetic En.
    5.18157e+04   -6.13432e+05    1.83537e+03   -5.59780e+05    7.60482e+04
   Total Energy  Conserved En.    Temperature Pressure (bar)
   -4.83732e+05   -4.93724e+05    3.06770e+02   -5.14310e+02

           Step           Time
         108000      108.00000

   Energies (kJ/mol)
        LJ (SR)   Coulomb (SR)   Coul. recip.      Potential    Kinetic En.
    5.28353e+04   -6.15803e+05    1.93448e+03   -5.61033e+05    7.62994e+04
   Total Energy  Conserved En.    Temperature Pressure (bar)
   -4.84734e+05   -4.93712e+05    3.07783e+02   -4.02615e+02

           Step           Time
         109000      109.00000

Writing checkpoint, step 109000 at Tue Jul  1 12:22:09 2025


   Energies (kJ/mol)
        LJ (SR)   Coulomb (SR)   Coul. recip.      Potential    Kinetic En.
    5.17817e+04   -6.13277e+05    1.89727e+03   -5.59598e+05    7.49343e+04
   Total Energy  Conserved En.    Temperature Pressure (bar)
   -4.84664e+05   -4.93700e+05    3.02276e+02   -6.23701e+02

           Step           Time
         110000      110.00000

   Energies (kJ/mol)
        LJ (SR)   Coulomb (SR)   Coul. recip.      Potential    Kinetic En.
    5.24921e+04   -6.14289e+05    1.88248e+03   -5.59915e+05    7.46423e+04
   Total Energy  Conserved En.    Temperature Pressure (bar)
   -4.85272e+05   -4.93686e+05    3.01099e+02   -4.88721e+02

           Step           Time
         111000      111.00000

   Energies (kJ/mol)
        LJ (SR)   Coulomb (SR)   Coul. recip.      Potential    Kinetic En.
    5.28706e+04   -6.15036e+05    1.90505e+03   -5.60260e+05    7.52541e+04
   Total Energy  Conserved En.    Temperature Pressure (bar)
   -4.85006e+05   -4.93677e+05    3.03566e+02   -3.97422e+02

           Step           Time
         112000      112.00000

   Energies (kJ/mol)
        LJ (SR)   Coulomb (SR)   Coul. recip.      Potential    Kinetic En.
    5.27474e+04   -6.14884e+05    1.84280e+03   -5.60294e+05    7.49899e+04
   Total Energy  Conserved En.    Temperature Pressure (bar)
   -4.85304e+05   -4.93668e+05    3.02501e+02   -4.35037e+02

           Step           Time
         113000      113.00000

   Energies (kJ/mol)
        LJ (SR)   Coulomb (SR)   Coul. recip.      Potential    Kinetic En.
    5.26318e+04   -6.14526e+05    1.86357e+03   -5.60030e+05    7.49810e+04
   Total Energy  Conserved En.    Temperature Pressure (bar)
   -4.85049e+05   -4.93658e+05    3.02465e+02   -4.75607e+02

           Step           Time
         114000      114.00000

   Energies (kJ/mol)
        LJ (SR)   Coulomb (SR)   Coul. recip.      Potential    Kinetic En.
    5.38221e+04   -6.16312e+05    1.84582e+03   -5.60644e+05    7.46430e+04
   Total Energy  Conserved En.    Temperature Pressure (bar)
   -4.86001e+05   -4.93647e+05    3.01101e+02   -3.09345e+02

           Step           Time
         115000      115.00000

   Energies (kJ/mol)
        LJ (SR)   Coulomb (SR)   Coul. recip.      Potential    Kinetic En.
    5.30980e+04   -6.15031e+05    1.98347e+03   -5.59950e+05    7.48193e+04
   Total Energy  Conserved En.    Temperature Pressure (bar)
   -4.85130e+05   -4.93633e+05    3.01813e+02   -3.99634e+02

           Step           Time
         116000      116.00000

   Energies (kJ/mol)
        LJ (SR)   Coulomb (SR)   Coul. recip.      Potential    Kinetic En.
    5.34957e+04   -6.15443e+05    1.89587e+03   -5.60051e+05    7.47776e+04
   Total Energy  Conserved En.    Temperature Pressure (bar)
   -4.85273e+05   -4.93624e+05    3.01644e+02   -3.39949e+02

           Step           Time
         117000      117.00000

   Energies (kJ/mol)
        LJ (SR)   Coulomb (SR)   Coul. recip.      Potential    Kinetic En.
    5.16531e+04   -6.14230e+05    1.88207e+03   -5.60695e+05    7.53438e+04
   Total Energy  Conserved En.    Temperature Pressure (bar)
   -4.85351e+05   -4.93616e+05    3.03928e+02   -6.87142e+02

           Step           Time
         118000      118.00000

   Energies (kJ/mol)
        LJ (SR)   Coulomb (SR)   Coul. recip.      Potential    Kinetic En.
    5.27108e+04   -6.15403e+05    1.82218e+03   -5.60870e+05    7.50976e+04
   Total Energy  Conserved En.    Temperature Pressure (bar)
   -4.85772e+05   -4.93607e+05    3.02935e+02   -4.63981e+02

           Step           Time
         119000      119.00000

   Energies (kJ/mol)
        LJ (SR)   Coulomb (SR)   Coul. recip.      Potential    Kinetic En.
    5.27608e+04   -6.14749e+05    1.86414e+03   -5.60124e+05    7.46220e+04
   Total Energy  Conserved En.    Temperature Pressure (bar)
   -4.85502e+05   -4.93593e+05    3.01017e+02   -4.49683e+02

           Step           Time
         120000      120.00000

   Energies (kJ/mol)
        LJ (SR)   Coulomb (SR)   Coul. recip.      Potential    Kinetic En.
    5.26793e+04   -6.14974e+05    1.89310e+03   -5.60401e+05    7.44600e+04
   Total Energy  Conserved En.    Temperature Pressure (bar)
   -4.85941e+05   -4.93581e+05    3.00363e+02   -4.79469e+02

           Step           Time
         121000      121.00000

   Energies (kJ/mol)
        LJ (SR)   Coulomb (SR)   Coul. recip.      Potential    Kinetic En.
    5.28861e+04   -6.15588e+05    1.80934e+03   -5.60892e+05    7.50325e+04
   Total Energy  Conserved En.    Temperature Pressure (bar)
   -4.85860e+05   -4.93570e+05    3.02672e+02   -4.21357e+02

           Step           Time
         122000      122.00000

   Energies (kJ/mol)
        LJ (SR)   Coulomb (SR)   Coul. recip.      Potential    Kinetic En.
    5.27481e+04   -6.14796e+05    1.85993e+03   -5.60188e+05    7.49251e+04
   Total Energy  Conserved En.    Temperature Pressure (bar)
   -4.85263e+05   -4.93559e+05    3.02240e+02   -4.16156e+02

           Step           Time
         123000      123.00000

   Energies (kJ/mol)
        LJ (SR)   Coulomb (SR)   Coul. recip.      Potential    Kinetic En.
    5.15484e+04   -6.13925e+05    1.84604e+03   -5.60531e+05    7.50668e+04
   Total Energy  Conserved En.    Temperature Pressure (bar)
   -4.85464e+05   -4.93547e+05    3.02811e+02   -6.17642e+02

           Step           Time
         124000      124.00000

   Energies (kJ/mol)
        LJ (SR)   Coulomb (SR)   Coul. recip.      Potential    Kinetic En.
    5.29476e+04   -6.15581e+05    1.84863e+03   -5.60785e+05    7.53806e+04
   Total Energy  Conserved En.    Temperature Pressure (bar)
   -4.85404e+05   -4.93537e+05    3.04077e+02   -3.25858e+02

           Step           Time
         125000      125.00000

Writing checkpoint, step 125000 at Tue Jul  1 12:33:31 2025


   Energies (kJ/mol)
        LJ (SR)   Coulomb (SR)   Coul. recip.      Potential    Kinetic En.
    5.19847e+04   -6.14326e+05    1.85089e+03   -5.60490e+05    7.49844e+04
   Total Energy  Conserved En.    Temperature Pressure (bar)
   -4.85506e+05   -4.93525e+05    3.02478e+02   -5.22368e+02


Energy conservation over simulation part #1 of length 125 ps, time 0 to 125 ps
  Conserved energy drift: 4.01e-04 kJ/mol/ps per atom


	<======  ###############  ==>
	<====  A V E R A G E S  ====>
	<==  ###############  ======>

	Statistics over 125001 steps using 1251 frames

   Energies (kJ/mol)
        LJ (SR)   Coulomb (SR)   Coul. recip.      Potential    Kinetic En.
    5.21866e+04   -6.11608e+05    1.90297e+03   -5.57519e+05    7.50872e+04
   Total Energy  Conserved En.    Temperature Pressure (bar)
   -4.82432e+05   -4.94209e+05    3.02893e+02   -7.55907e+02

   Total Virial (kJ/mol)
    3.28639e+04   -9.47178e+00   -1.12051e+00
   -9.35839e+00    3.28200e+04   -1.02020e+01
   -1.05230e+00   -1.05581e+01    3.28243e+04

   Pressure (bar)
   -7.58377e+02    1.88834e+00    2.40035e-01
    1.87736e+00   -7.53658e+02    7.52129e-01
    2.33431e-01    7.86607e-01   -7.55684e+02


	M E G A - F L O P S   A C C O U N T I N G

 NB=Group-cutoff nonbonded kernels    NxN=N-by-N cluster Verlet kernels
 RF=Reaction-Field  VdW=Van der Waals  QSTab=quadratic-spline table
 W3=SPC/TIP3p  W4=TIP4p (single or pairs)
 V&F=Potential and force  V=Potential only  F=Force only

 Computing:                               M-Number         M-Flops  % Flops
-----------------------------------------------------------------------------
 Pair Search distance check           15250.551540      137254.964     0.1
 NxN Ewald Elec. + LJ [F]           2435359.244472   189958021.069    92.0
 NxN Ewald Elec. + LJ [V&F]           24619.647552     3175934.534     1.5
 NxN Ewald Elec. [F]                  31239.495144     1905609.204     0.9
 NxN Ewald Elec. [V&F]                  315.799456       26527.154     0.0
 Calc Weights                         11104.213833      399751.698     0.2
 Spread Q Bspline                    236889.895104      473779.790     0.2
 Gather F Bspline                    236889.895104     1421339.371     0.7
 3D-FFT                              956923.905330     7655391.243     3.7
 Solve PME                            13950.111600      892807.142     0.4
 Reset In Box                            37.043361         111.130     0.0
 CG-CoM                                  37.072972         111.219     0.0
 Virial                                  37.099656         667.794     0.0
 Stop-CM                                 37.072972         370.730     0.0
 Calc-Ekin                               74.086722        2000.341     0.0
 Constraint-V                          3649.933398       32849.401     0.0
 Constraint-Vir                          36.527949         876.671     0.0
 Settle                                1216.654199      450162.054     0.2
-----------------------------------------------------------------------------
 Total                                               206533565.508   100.0
-----------------------------------------------------------------------------


    D O M A I N   D E C O M P O S I T I O N   S T A T I S T I C S

 av. #atoms communicated per step for force:  2 x 0.0


      R E A L   C Y C L E   A N D   T I M E   A C C O U N T I N G

On 1 MPI rank, each using 8 OpenMP threads

 Activity:              Num   Num      Call    Wall time         Giga-Cycles
                        Ranks Threads  Count      (s)         total sum    %
--------------------------------------------------------------------------------
 Domain decomp.            1    8       1251       3.876          0.744   0.1
 Neighbor search           1    8       1251      17.362          3.333   0.3
 Force                     1    8     125001    4763.272        914.507  91.8
 PME mesh                  1    8     125001     314.537         60.388   6.1
 NB X/F buffer ops.        1    8     250002      39.188          7.524   0.8
 Write traj.               1    8         31       0.263          0.051   0.0
 Update                    1    8     125001      21.005          4.033   0.4
 Constraints               1    8     125003      25.838          4.961   0.5
 Kinetic energy            1    8       2501       0.451          0.087   0.0
 Rest                                              2.298          0.441   0.0
--------------------------------------------------------------------------------
 Total                                          5188.090        996.068 100.0
--------------------------------------------------------------------------------
 Breakdown of PME mesh activities
--------------------------------------------------------------------------------
 PME spread                1    8     125001      95.280         18.293   1.8
 PME gather                1    8     125001      77.868         14.950   1.5
 PME 3D-FFT                1    8     250002     122.186         23.459   2.4
 PME solve Elec            1    8     125001      13.352          2.564   0.3
--------------------------------------------------------------------------------

               Core t (s)   Wall t (s)        (%)
       Time:    41504.700     5188.090      800.0
                         1h26:28
                 (ns/day)    (hour/ns)
Performance:        2.082       11.529
Finished mdrun on rank 0 Tue Jul  1 12:33:32 2025

