                  :-) GROMACS - gmx mdrun, 2025.1-Homebrew (-:

Copyright 1991-2025 The GROMACS Authors.
GROMACS is free software; you can redistribute it and/or modify it
under the terms of the GNU Lesser General Public License
as published by the Free Software Foundation; either version 2.1
of the License, or (at your option) any later version.

                         Current GROMACS contributors:
       Mark Abraham           Andrey Alekseenko           Brian Andrews       
      Vladimir Basov              Paul Bauer                Hugh Bird         
      Eliane Briand               Ania Brown              Mahesh Doijade      
      Giacomo Fiorin          Stefan Fleischmann          Sergey Gorelov      
   Gilles Gouaillardet            Alan Gray              M. Eric Irrgang      
   Farzaneh Jalalypour         Petter Johansson          Carsten Kutzner      
    Grzegorz Łazarski         Justin A. Lemkul          Magnus Lundborg      
       Pascal Merz             Vedran Miletić            Dmitry Morozov      
     Lukas Müllender            Julien Nabet             Szilárd Páll      
 Andrea Pasquadibisceglie     Michele Pellegrino         Nicola Piasentin     
     Daniele Rapetti         Muhammad Umair Sadiq         Hubert Santuz       
      Roland Schulz             Michael Shirts           Tatiana Shugaeva     
     Alexey Shvetsov            Philip Turner            Alessandra Villa     
 Sebastian Wingbermühle  

                         Previous GROMACS contributors:
        Emile Apol             Rossen Apostolov           James Barnett       
  Herman J.C. Berendsen         Cathrine Bergh             Par Bjelkmar       
      Christian Blau          Viacheslav Bolnykh            Kevin Boyd        
    Aldert van Buuren          Carlo Camilloni           Rudi van Drunen      
      Anton Feenstra           Oliver Fleetwood            Vytas Gapsys       
       Gaurav Garg             Gerrit Groenhof            Bert de Groot       
      Anca Hamuraru           Vincent Hindriksen          Victor Holanda      
     Aleksei Iupinov              Joe Jordan            Christoph Junghans    
    Prashanth Kanduri        Dimitrios Karkoulis           Peter Kasson       
      Sebastian Kehl           Sebastian Keller             Jiri Kraus        
       Per Larsson              Viveca Lindahl            Erik Marklund       
    Pieter Meulenhoff           Teemu Murtola              Sander Pronk       
      Alfons Sijbers            Balint Soproni         David van der Spoel    
      Peter Tieleman            Carsten Uphoff             Jon Vincent        
     Teemu Virolainen         Christian Wennberg           Maarten Wolf       
      Artem Zhmurov       

                  Coordinated by the GROMACS project leaders:
                           Berk Hess and Erik Lindahl

GROMACS:      gmx mdrun, version 2025.1-Homebrew
Executable:   /opt/homebrew/bin/../Cellar/gromacs/2025.1/bin/gmx
Data prefix:  /opt/homebrew/bin/../Cellar/gromacs/2025.1
Working dir:  /Users/heiley/Desktop/SURP/1050
Process ID:   12491
Command line:
  gmx mdrun -v -deffnm step4_minimization -s step4_minimization.tpr

GROMACS version:     2025.1-Homebrew
Precision:           mixed
Memory model:        64 bit
MPI library:         thread_mpi
OpenMP support:      enabled (GMX_OPENMP_MAX_THREADS = 128)
GPU support:         disabled
SIMD instructions:   ARM_NEON_ASIMD
CPU FFT library:     fftw-3.3.10
GPU FFT library:     none
Multi-GPU FFT:       none
TNG support:         enabled
Hwloc support:       disabled
Tracing support:     disabled
C compiler:          /opt/homebrew/opt/gcc/bin/gcc-14
C compiler flags:    -fexcess-precision=fast -funroll-all-loops -Wno-missing-field-initializers -O3 -DNDEBUG
C++ compiler:        /opt/homebrew/opt/gcc/bin/g++-14
C++ compiler flags:  -fexcess-precision=fast -funroll-all-loops -Wno-missing-field-initializers -Weverything -Wno-c++98-compat -Wno-c++98-compat-pedantic -Wno-return-std-move-in-c++11 -Wno-source-uses-openmp -Wno-c++17-extensions -Wno-documentation-unknown-command -Wno-covered-switch-default -Wno-switch-enum -Wno-switch-default -Wno-extra-semi-stmt -Wno-weak-vtables -Wno-shadow -Wno-padded -Wno-reserved-id-macro -Wno-double-promotion -Wno-exit-time-destructors -Wno-global-constructors -Wno-documentation -Wno-format-nonliteral -Wno-used-but-marked-unused -Wno-float-equal -Wno-conditional-uninitialized -Wno-conversion -Wno-disabled-macro-expansion -Wno-unused-macros -Wno-unsafe-buffer-usage -Wno-cast-function-type-strict SHELL:-fopenmp -O3 -DNDEBUG
BLAS library:        External - detected on the system
LAPACK library:      External - detected on the system


Running on 1 node with total 0 processing units
Hardware detected on host Heileys-MacBook-Air.local:
  CPU info:
    Vendor: ARM
    Brand:  Unknown CPU brand
    Family: 0   Model: 0   Stepping: 0
    Features: neon neon_asimd
  Hardware topology: Only logical processor count
    CPU limit set by OS: -1   Recommended max number of threads: 8


++++ PLEASE READ AND CITE THE FOLLOWING REFERENCE ++++
M. J. Abraham, T. Murtola, R. Schulz, S. Páll, J. C. Smith, B. Hess, E.
Lindahl
GROMACS: High performance molecular simulations through multi-level
parallelism from laptops to supercomputers
SoftwareX (2015)
DOI: 10.1016/j.softx.2015.06.001
-------- -------- --- Thank You --- -------- --------


++++ PLEASE READ AND CITE THE FOLLOWING REFERENCE ++++
S. Páll, M. J. Abraham, C. Kutzner, B. Hess, E. Lindahl
Tackling Exascale Software Challenges in Molecular Dynamics Simulations with
GROMACS
In S. Markidis & E. Laure (Eds.), Solving Software Challenges for Exascale (2015)
DOI: 10.1007/978-3-319-15976-8_1
-------- -------- --- Thank You --- -------- --------


++++ PLEASE READ AND CITE THE FOLLOWING REFERENCE ++++
S. Pronk, S. Páll, R. Schulz, P. Larsson, P. Bjelkmar, R. Apostolov, M. R.
Shirts, J. C. Smith, P. M. Kasson, D. van der Spoel, B. Hess, E. Lindahl
GROMACS 4.5: a high-throughput and highly parallel open source molecular
simulation toolkit
Bioinformatics (2013)
DOI: 10.1093/bioinformatics/btt055
-------- -------- --- Thank You --- -------- --------


++++ PLEASE READ AND CITE THE FOLLOWING REFERENCE ++++
B. Hess, C. Kutzner, D. van der Spoel, E. Lindahl
GROMACS 4: Algorithms for highly efficient, load-balanced, and scalable
molecular simulation
J. Chem. Theory Comput. (2008)
DOI: 10.1021/ct700301q
-------- -------- --- Thank You --- -------- --------


++++ PLEASE READ AND CITE THE FOLLOWING REFERENCE ++++
D. van der Spoel, E. Lindahl, B. Hess, G. Groenhof, A. E. Mark, H. J. C.
Berendsen
GROMACS: Fast, Flexible and Free
J. Comp. Chem. (2005)
DOI: 10.1002/jcc.20291
-------- -------- --- Thank You --- -------- --------


++++ PLEASE READ AND CITE THE FOLLOWING REFERENCE ++++
E. Lindahl, B. Hess, D. van der Spoel
GROMACS 3.0: A package for molecular simulation and trajectory analysis
J. Mol. Mod. (2001)
DOI: 10.1007/s008940100045
-------- -------- --- Thank You --- -------- --------


++++ PLEASE READ AND CITE THE FOLLOWING REFERENCE ++++
H. J. C. Berendsen, D. van der Spoel and R. van Drunen
GROMACS: A message-passing parallel molecular dynamics implementation
Comp. Phys. Comm. (1995)
DOI: 10.1016/0010-4655(95)00042-E
-------- -------- --- Thank You --- -------- --------

Input Parameters:
   integrator                     = steep
   tinit                          = 0
   dt                             = 0.001
   nsteps                         = 5000
   init-step                      = 0
   simulation-part                = 1
   mts                            = false
   mass-repartition-factor        = 1
   comm-mode                      = Linear
   nstcomm                        = 100
   bd-fric                        = 0
   ld-seed                        = -33654531
   emtol                          = 1000
   emstep                         = 0.01
   niter                          = 20
   fcstep                         = 0
   nstcgsteep                     = 1000
   nbfgscorr                      = 10
   rtpi                           = 0.05
   nstxout                        = 0
   nstvout                        = 0
   nstfout                        = 0
   nstlog                         = 1000
   nstcalcenergy                  = 100
   nstenergy                      = 1000
   nstxout-compressed             = 0
   compressed-x-precision         = 1000
   cutoff-scheme                  = Verlet
   nstlist                        = 10
   pbc                            = xyz
   periodic-molecules             = false
   verlet-buffer-tolerance        = 0.005
   verlet-buffer-pressure-tolerance = 0.5
   rlist                          = 1.26
   coulombtype                    = PME
   coulomb-modifier               = Potential-shift
   rcoulomb-switch                = 0
   rcoulomb                       = 1.2
   epsilon-r                      = 1
   epsilon-rf                     = inf
   vdw-type                       = Cut-off
   vdw-modifier                   = Force-switch
   rvdw-switch                    = 1
   rvdw                           = 1.2
   DispCorr                       = No
   table-extension                = 1
   fourierspacing                 = 0.12
   fourier-nx                     = 60
   fourier-ny                     = 60
   fourier-nz                     = 60
   pme-order                      = 4
   ewald-rtol                     = 1e-05
   ewald-rtol-lj                  = 0.001
   lj-pme-comb-rule               = Geometric
   ewald-geometry                 = 3d
   epsilon-surface                = 0
   ensemble-temperature-setting   = not available
   tcoupl                         = No
   nsttcouple                     = -1
   nh-chain-length                = 0
   print-nose-hoover-chain-variables = false
   pcoupl                         = No
   refcoord-scaling               = No
   posres-com: not available
   posres-comB: not available
   QMMM                           = false
qm-opts:
   ngQM                           = 0
   constraint-algorithm           = Lincs
   continuation                   = false
   Shake-SOR                      = false
   shake-tol                      = 0.0001
   lincs-order                    = 4
   lincs-iter                     = 1
   lincs-warnangle                = 30
   nwall                          = 0
   wall-type                      = 9-3
   wall-r-linpot                  = -1
   wall-atomtype[0]               = -1
   wall-atomtype[1]               = -1
   wall-density[0]                = 0
   wall-density[1]                = 0
   wall-ewald-zfac                = 3
   pull                           = false
   awh                            = false
   rotation                       = false
   interactiveMD                  = false
   disre                          = No
   disre-weighting                = Conservative
   disre-mixed                    = false
   dr-fc                          = 1000
   dr-tau                         = 0
   nstdisreout                    = 100
   orire-fc                       = 0
   orire-tau                      = 0
   nstorireout                    = 100
   free-energy                    = no
   cos-acceleration               = 0
   deform (3x3):
      deform[    0]={ 0.00000e+00,  0.00000e+00,  0.00000e+00}
      deform[    1]={ 0.00000e+00,  0.00000e+00,  0.00000e+00}
      deform[    2]={ 0.00000e+00,  0.00000e+00,  0.00000e+00}
   simulated-tempering            = false
   swapcoords                     = no
   userint1                       = 0
   userint2                       = 0
   userint3                       = 0
   userint4                       = 0
   userreal1                      = 0
   userreal2                      = 0
   userreal3                      = 0
   userreal4                      = 0
   applied-forces:
     electric-field:
       x:
         E0                       = 0
         omega                    = 0
         t0                       = 0
         sigma                    = 0
       y:
         E0                       = 0
         omega                    = 0
         t0                       = 0
         sigma                    = 0
       z:
         E0                       = 0
         omega                    = 0
         t0                       = 0
         sigma                    = 0
     density-guided-simulation:
       active                     = false
       group                      = protein
       similarity-measure         = inner-product
       atom-spreading-weight      = unity
       force-constant             = 1e+09
       gaussian-transform-spreading-width = 0.2
       gaussian-transform-spreading-range-in-multiples-of-width = 4
       reference-density-filename = reference.mrc
       nst                        = 1
       normalize-densities        = true
       adaptive-force-scaling     = false
       adaptive-force-scaling-time-constant = 4
       shift-vector               = 
       transformation-matrix      = 
     qmmm-cp2k:
       active                     = false
       qmgroup                    = System
       qmmethod                   = PBE
       qmfilenames                = 
       qmcharge                   = 0
       qmmultiplicity             = 1
     colvars:
       active                     = false
       configfile                 = 
       seed                       = -1
     nnpot:
       active                     = false
       modelfile                  = model.pt
       input-group                = System
       model-input1               = 
       model-input2               = 
       model-input3               = 
       model-input4               = 
grpopts:
   nrdf:       67995
   ref-t:           0
   tau-t:           0
annealing:          No
annealing-npoints:           0
   acc:	           0           0           0
   nfreeze:           N           N           N
   energygrp-flags[  0]: 0


Initializing Domain Decomposition on 1 ranks
NOTE: disabling dynamic load balancing as it is only supported with dynamics, not with integrator 'steep'.
Dynamic load balancing: off
Using update groups, nr 11264, average size 3.0 atoms, max. radius 0.146 nm
Minimum cell size due to atom displacement: 0.060 nm
Using 0 separate PME ranks because: there are too few total ranks for efficient splitting
Optimizing the DD grid for 1 cells with a minimum initial size of 0.060 nm
The maximum allowed number of cells is: X 116 Y 116 Z 116
Domain decomposition grid 1 x 1 x 1, separate PME ranks 0
PME domain decomposition: 1 x 1 x 1

The initial number of communication pulses is:
The initial domain decomposition cell size is:

Local state does not use filler particles

Using 1 MPI thread
Using 8 OpenMP threads 

System total charge: 0.000
Will do PME sum in reciprocal space for electrostatic interactions.

++++ PLEASE READ AND CITE THE FOLLOWING REFERENCE ++++
U. Essmann, L. Perera, M. L. Berkowitz, T. Darden, H. Lee, L. G. Pedersen 
A smooth particle mesh Ewald method
J. Chem. Phys. (1995)
DOI: 10.1063/1.470117
-------- -------- --- Thank You --- -------- --------

Using a Gaussian width (1/beta) of 0.384195 nm for Ewald
Potential shift: LJ r^-12: -2.648e-01 r^-6: -5.349e-01, Ewald -8.333e-06
Initialized non-bonded Coulomb Ewald tables, spacing: 1.02e-03 size: 1176



Using SIMD4xM 4x4 nonbonded short-range kernels

Using a 4x4 pair-list setup:
  updated every 10 steps, buffer 0.060 nm, rlist 1.260 nm
Removing pbc first time

Linking all bonded interactions to atoms


Initializing LINear Constraint Solver

++++ PLEASE READ AND CITE THE FOLLOWING REFERENCE ++++
B. Hess, H. Bekker, H. J. C. Berendsen, J. G. E. M. Fraaije
LINCS: A Linear Constraint Solver for molecular simulations
J. Comp. Chem. (1997)
DOI: 10.1002/(sici)1096-987x(199709)18:12<1463::aid-jcc4>3.0.co;2-h
-------- -------- --- Thank You --- -------- --------

The number of constraints is 828

++++ PLEASE READ AND CITE THE FOLLOWING REFERENCE ++++
S. Miyamoto, P. A. Kollman
SETTLE: An Analytical Version of the SHAKE and RATTLE Algorithms for Rigid
Water Models
J. Comp. Chem. (1992)
DOI: 10.1002/jcc.540130805
-------- -------- --- Thank You --- -------- --------


Note that activating steepest-descent energy minimization via the integrator .mdp option and the command gmx mdrun may be available in a different form in a future version of GROMACS, e.g. gmx minimize and an .mdp option.
Initiating Steepest Descents

Atom distribution over 1 domains: av 33792 stddev 0 min 33792 max 33792
Started Steepest Descents on rank 0 Mon Jun 30 23:20:56 2025


Steepest Descents:
   Tolerance (Fmax)   =  1.00000e+03
   Number of steps    =         5000
           Step           Time
              0        0.00000

   Energies (kJ/mol)
            U-B        LJ (SR)   Coulomb (SR)   Coul. recip.      Potential
    5.24643e+00    6.12402e+05   -6.61862e+05    6.55994e+04    1.61454e+04
 Pressure (bar)   Constr. rmsd
    1.07850e+05    2.79167e-06

           Step           Time
              1        1.00000

   Energies (kJ/mol)
            U-B        LJ (SR)   Coulomb (SR)   Coul. recip.      Potential
    5.34610e+00    4.99758e+05   -6.62681e+05    6.54826e+04   -9.74354e+04
 Pressure (bar)   Constr. rmsd
    8.52011e+04    1.99312e-06

           Step           Time
              2        2.00000

   Energies (kJ/mol)
            U-B        LJ (SR)   Coulomb (SR)   Coul. recip.      Potential
    6.80655e+00    3.70791e+05   -6.64402e+05    6.51574e+04   -2.28447e+05
 Pressure (bar)   Constr. rmsd
    5.90881e+04    1.98582e-06

           Step           Time
              3        3.00000

   Energies (kJ/mol)
            U-B        LJ (SR)   Coulomb (SR)   Coul. recip.      Potential
    1.66670e+01    2.82892e+05   -6.66662e+05    6.45232e+04   -3.19230e+05
 Pressure (bar)   Constr. rmsd
    4.12729e+04    2.26937e-06

           Step           Time
              4        4.00000

   Energies (kJ/mol)
            U-B        LJ (SR)   Coulomb (SR)   Coul. recip.      Potential
    6.92020e+01    2.11999e+05   -6.70079e+05    6.31397e+04   -3.94871e+05
 Pressure (bar)   Constr. rmsd
    2.68995e+04    3.35376e-06

           Step           Time
              5        5.00000

   Energies (kJ/mol)
            U-B        LJ (SR)   Coulomb (SR)   Coul. recip.      Potential
    2.83004e+02    1.58600e+05   -6.75143e+05    6.00989e+04   -4.56162e+05
 Pressure (bar)   Constr. rmsd
    1.59776e+04    7.16950e-06

           Step           Time
              6        6.00000

   Energies (kJ/mol)
            U-B        LJ (SR)   Coulomb (SR)   Coul. recip.      Potential
    5.54551e+02    1.34938e+05   -6.79808e+05    5.61869e+04   -4.88128e+05
 Pressure (bar)   Constr. rmsd
    1.10016e+04    6.03164e-06

           Step           Time
              7        7.00000

   Energies (kJ/mol)
            U-B        LJ (SR)   Coulomb (SR)   Coul. recip.      Potential
    7.04136e+02    1.24160e+05   -6.83191e+05    5.27417e+04   -5.05585e+05
 Pressure (bar)   Constr. rmsd
    8.66142e+03    2.76759e-06

           Step           Time
              8        8.00000

   Energies (kJ/mol)
            U-B        LJ (SR)   Coulomb (SR)   Coul. recip.      Potential
    8.05829e+02    1.15575e+05   -6.86775e+05    4.85150e+04   -5.21879e+05
 Pressure (bar)   Constr. rmsd
    6.76066e+03    2.76107e-06

           Step           Time
              9        9.00000

   Energies (kJ/mol)
            U-B        LJ (SR)   Coulomb (SR)   Coul. recip.      Potential
    8.50563e+02    1.07646e+05   -6.90857e+05    4.25882e+04   -5.39772e+05
 Pressure (bar)   Constr. rmsd
    4.96267e+03    3.11691e-06

           Step           Time
             10       10.00000

   Energies (kJ/mol)
            U-B        LJ (SR)   Coulomb (SR)   Coul. recip.      Potential
    7.92167e+02    1.04395e+05   -6.92684e+05    3.95356e+04   -5.47962e+05
 Pressure (bar)   Constr. rmsd
    4.23116e+03    2.87594e-06

           Step           Time
             11       11.00000

   Energies (kJ/mol)
            U-B        LJ (SR)   Coulomb (SR)   Coul. recip.      Potential
    7.02930e+02    9.83894e+04   -6.96179e+05    3.09328e+04   -5.66154e+05
 Pressure (bar)   Constr. rmsd
    2.88974e+03    6.08709e-06

           Step           Time
             12       12.00000

   Energies (kJ/mol)
            U-B        LJ (SR)   Coulomb (SR)   Coul. recip.      Potential
    6.73497e+02    9.66311e+04   -6.96468e+05    3.03100e+04   -5.68853e+05
 Pressure (bar)   Constr. rmsd
    2.54052e+03    2.24794e-06

           Step           Time
             13       13.00000

   Energies (kJ/mol)
            U-B        LJ (SR)   Coulomb (SR)   Coul. recip.      Potential
    5.55490e+02    9.31356e+04   -6.97865e+05    2.61806e+04   -5.77993e+05
 Pressure (bar)   Constr. rmsd
    1.78470e+03    1.00990e-05

           Step           Time
             14       14.00000

   Energies (kJ/mol)
            U-B        LJ (SR)   Coulomb (SR)   Coul. recip.      Potential
    5.30826e+02    9.16531e+04   -6.98311e+05    2.50822e+04   -5.81045e+05
 Pressure (bar)   Constr. rmsd
    1.47263e+03    2.51909e-06


step 15: One or more water molecules can not be settled.
Check for bad contacts and/or reduce the timestep if appropriate.
Wrote pdb files with previous and current coordinates
           Step           Time
             15       15.00000


step 16: One or more water molecules can not be settled.
Check for bad contacts and/or reduce the timestep if appropriate.
Wrote pdb files with previous and current coordinates
           Step           Time
             16       16.00000

           Step           Time
             17       17.00000

   Energies (kJ/mol)
            U-B        LJ (SR)   Coulomb (SR)   Coul. recip.      Potential
    5.57328e+02    8.97993e+04   -6.98867e+05    2.36911e+04   -5.84819e+05
 Pressure (bar)   Constr. rmsd
    1.07719e+03    2.29832e-05

           Step           Time
             18       18.00000

   Energies (kJ/mol)
            U-B        LJ (SR)   Coulomb (SR)   Coul. recip.      Potential
    5.52779e+02    8.56667e+04   -7.00257e+05    1.97839e+04   -5.94254e+05
 Pressure (bar)   Constr. rmsd
    2.29355e+02    2.32436e-03

           Step           Time
             19       19.00000

   Energies (kJ/mol)
            U-B        LJ (SR)   Coulomb (SR)   Coul. recip.      Potential
    4.55341e+02    8.44967e+04   -7.00691e+05    1.91845e+04   -5.96555e+05
 Pressure (bar)   Constr. rmsd
   -5.19211e+01    8.30732e-04

           Step           Time
             20       20.00000

   Energies (kJ/mol)
            U-B        LJ (SR)   Coulomb (SR)   Coul. recip.      Potential
    6.08283e+02    8.05899e+04   -7.02658e+05    1.61518e+04   -6.05308e+05
 Pressure (bar)   Constr. rmsd
   -8.99915e+02    5.32391e-03

           Step           Time
             21       21.00000

   Energies (kJ/mol)
            U-B        LJ (SR)   Coulomb (SR)   Coul. recip.      Potential
    9.02681e+02    7.92485e+04   -7.03510e+05    1.53759e+04   -6.07983e+05
 Pressure (bar)   Constr. rmsd
   -1.22511e+03    1.55657e-02

           Step           Time
             22       22.00000

   Energies (kJ/mol)
            U-B        LJ (SR)   Coulomb (SR)   Coul. recip.      Potential
    9.87737e+02    7.84338e+04   -7.04457e+05    1.46934e+04   -6.10342e+05
 Pressure (bar)   Constr. rmsd
   -1.43080e+03    1.66154e-02

           Step           Time
             23       23.00000

   Energies (kJ/mol)
            U-B        LJ (SR)   Coulomb (SR)   Coul. recip.      Potential
    8.81031e+02    7.75008e+04   -7.05288e+05    1.40825e+04   -6.12823e+05
 Pressure (bar)   Constr. rmsd
   -1.65342e+03    2.16951e-02

Constraint error in algorithm Lincs at step 24
Wrote pdb files with previous and current coordinates
           Step           Time
             24       24.00000

           Step           Time
             25       25.00000

   Energies (kJ/mol)
            U-B        LJ (SR)   Coulomb (SR)   Coul. recip.      Potential
    1.04408e+03    7.71497e+04   -7.06165e+05    1.35016e+04   -6.14470e+05
 Pressure (bar)   Constr. rmsd
   -1.73390e+03    1.32618e-02

           Step           Time
             26       26.00000

   Energies (kJ/mol)
            U-B        LJ (SR)   Coulomb (SR)   Coul. recip.      Potential
    6.43785e+02    7.64674e+04   -7.06586e+05    1.32689e+04   -6.16206e+05
 Pressure (bar)   Constr. rmsd
   -1.93019e+03    3.53788e-03

Constraint error in algorithm Lincs at step 27
Wrote pdb files with previous and current coordinates
           Step           Time
             27       27.00000

           Step           Time
             28       28.00000

   Energies (kJ/mol)
            U-B        LJ (SR)   Coulomb (SR)   Coul. recip.      Potential
    5.01241e+02    7.60285e+04   -7.07138e+05    1.29353e+04   -6.17673e+05
 Pressure (bar)   Constr. rmsd
   -2.04833e+03    2.12345e-03

           Step           Time
             29       29.00000

   Energies (kJ/mol)
            U-B        LJ (SR)   Coulomb (SR)   Coul. recip.      Potential
    5.28820e+02    7.55196e+04   -7.07922e+05    1.24964e+04   -6.19377e+05
 Pressure (bar)   Constr. rmsd
   -2.18577e+03    2.82173e-03

           Step           Time
             30       30.00000

           Step           Time
             31       31.00000

   Energies (kJ/mol)
            U-B        LJ (SR)   Coulomb (SR)   Coul. recip.      Potential
    3.82036e+02    7.52129e+04   -7.08488e+05    1.22050e+04   -6.20688e+05
 Pressure (bar)   Constr. rmsd
   -2.27537e+03    1.51264e-03

           Step           Time
             32       32.00000

   Energies (kJ/mol)
            U-B        LJ (SR)   Coulomb (SR)   Coul. recip.      Potential
    5.12105e+02    7.48112e+04   -7.09146e+05    1.18882e+04   -6.21935e+05
 Pressure (bar)   Constr. rmsd
   -2.38754e+03    6.16359e-04

           Step           Time
             33       33.00000

   Energies (kJ/mol)
            U-B        LJ (SR)   Coulomb (SR)   Coul. recip.      Potential
    4.94260e+02    7.46204e+04   -7.09738e+05    1.16120e+04   -6.23011e+05
 Pressure (bar)   Constr. rmsd
   -2.44370e+03    3.74920e-03

           Step           Time
             34       34.00000

   Energies (kJ/mol)
            U-B        LJ (SR)   Coulomb (SR)   Coul. recip.      Potential
    6.70675e+02    7.42755e+04   -7.10341e+05    1.13599e+04   -6.24035e+05
 Pressure (bar)   Constr. rmsd
   -2.54718e+03    1.59234e-03

           Step           Time
             35       35.00000

   Energies (kJ/mol)
            U-B        LJ (SR)   Coulomb (SR)   Coul. recip.      Potential
    6.92398e+02    7.41579e+04   -7.10891e+05    1.11189e+04   -6.24921e+05
 Pressure (bar)   Constr. rmsd
   -2.57914e+03    8.92592e-03

           Step           Time
             36       36.00000

           Step           Time
             37       37.00000

   Energies (kJ/mol)
            U-B        LJ (SR)   Coulomb (SR)   Coul. recip.      Potential
    2.79848e+02    7.38443e+04   -7.11273e+05    1.09813e+04   -6.26167e+05
 Pressure (bar)   Constr. rmsd
   -2.69036e+03    2.49185e-03

           Step           Time
             38       38.00000

   Energies (kJ/mol)
            U-B        LJ (SR)   Coulomb (SR)   Coul. recip.      Potential
    4.60220e+02    7.35298e+04   -7.12324e+05    1.05419e+04   -6.27793e+05
 Pressure (bar)   Constr. rmsd
   -2.79004e+03    2.06781e-04

           Step           Time
             39       39.00000

           Step           Time
             40       40.00000

   Energies (kJ/mol)
            U-B        LJ (SR)   Coulomb (SR)   Coul. recip.      Potential
    3.84786e+02    7.33521e+04   -7.12742e+05    1.04104e+04   -6.28594e+05
 Pressure (bar)   Constr. rmsd
   -2.85152e+03    4.63589e-04

           Step           Time
             41       41.00000

   Energies (kJ/mol)
            U-B        LJ (SR)   Coulomb (SR)   Coul. recip.      Potential
    4.62525e+02    7.32274e+04   -7.13305e+05    1.02104e+04   -6.29404e+05
 Pressure (bar)   Constr. rmsd
   -2.89790e+03    5.80968e-04

           Step           Time
             42       42.00000

   Energies (kJ/mol)
            U-B        LJ (SR)   Coulomb (SR)   Coul. recip.      Potential
    5.88018e+02    7.30950e+04   -7.13801e+05    1.00555e+04   -6.30063e+05
 Pressure (bar)   Constr. rmsd
   -2.94476e+03    1.15914e-03

           Step           Time
             43       43.00000

   Energies (kJ/mol)
            U-B        LJ (SR)   Coulomb (SR)   Coul. recip.      Potential
    6.31773e+02    7.30072e+04   -7.14301e+05    9.88651e+03   -6.30775e+05
 Pressure (bar)   Constr. rmsd
   -2.98172e+03    2.04964e-03

           Step           Time
             44       44.00000

   Energies (kJ/mol)
            U-B        LJ (SR)   Coulomb (SR)   Coul. recip.      Potential
    1.31101e+03    7.30303e+04   -7.14867e+05    9.72450e+03   -6.30801e+05
 Pressure (bar)   Constr. rmsd
   -2.97735e+03    3.58353e-03

           Step           Time
             45       45.00000

   Energies (kJ/mol)
            U-B        LJ (SR)   Coulomb (SR)   Coul. recip.      Potential
    1.21874e+03    7.30006e+04   -7.15272e+05    9.58685e+03   -6.31466e+05
 Pressure (bar)   Constr. rmsd
   -3.00220e+03    8.01869e-03


step 46: One or more water molecules can not be settled.
Check for bad contacts and/or reduce the timestep if appropriate.
Wrote pdb files with previous and current coordinates
           Step           Time
             46       46.00000

           Step           Time
             47       47.00000

   Energies (kJ/mol)
            U-B        LJ (SR)   Coulomb (SR)   Coul. recip.      Potential
    3.62313e+02    7.25765e+04   -7.15590e+05    9.52012e+03   -6.33131e+05
 Pressure (bar)   Constr. rmsd
   -3.15187e+03    8.91829e-04

           Step           Time
             48       48.00000

   Energies (kJ/mol)
            U-B        LJ (SR)   Coulomb (SR)   Coul. recip.      Potential
    5.09432e+02    7.24636e+04   -7.16258e+05    9.29653e+03   -6.33988e+05
 Pressure (bar)   Constr. rmsd
   -3.19803e+03    1.51803e-03

           Step           Time
             49       49.00000

   Energies (kJ/mol)
            U-B        LJ (SR)   Coulomb (SR)   Coul. recip.      Potential
    6.72396e+02    7.24640e+04   -7.16934e+05    9.12285e+03   -6.34675e+05
 Pressure (bar)   Constr. rmsd
   -3.21293e+03    3.03677e-03

           Step           Time
             50       50.00000

           Step           Time
             51       51.00000

   Energies (kJ/mol)
            U-B        LJ (SR)   Coulomb (SR)   Coul. recip.      Potential
    4.58624e+02    7.22764e+04   -7.17337e+05    9.01701e+03   -6.35585e+05
 Pressure (bar)   Constr. rmsd
   -3.28868e+03    5.32081e-04

           Step           Time
             52       52.00000

   Energies (kJ/mol)
            U-B        LJ (SR)   Coulomb (SR)   Coul. recip.      Potential
    4.88728e+02    7.23279e+04   -7.17879e+05    8.87713e+03   -6.36186e+05
 Pressure (bar)   Constr. rmsd
   -3.29227e+03    1.50354e-03

           Step           Time
             53       53.00000

           Step           Time
             54       54.00000

   Energies (kJ/mol)
            U-B        LJ (SR)   Coulomb (SR)   Coul. recip.      Potential
    3.81640e+02    7.21718e+04   -7.18252e+05    8.78288e+03   -6.36916e+05
 Pressure (bar)   Constr. rmsd
   -3.35335e+03    2.60219e-04

           Step           Time
             55       55.00000

   Energies (kJ/mol)
            U-B        LJ (SR)   Coulomb (SR)   Coul. recip.      Potential
    7.44851e+02    7.23229e+04   -7.18922e+05    8.62477e+03   -6.37229e+05
 Pressure (bar)   Constr. rmsd
   -3.32621e+03    1.40448e-03

           Step           Time
             56       56.00000

   Energies (kJ/mol)
            U-B        LJ (SR)   Coulomb (SR)   Coul. recip.      Potential
    6.95258e+02    7.21099e+04   -7.19298e+05    8.53378e+03   -6.37959e+05
 Pressure (bar)   Constr. rmsd
   -3.40320e+03    4.63675e-04

           Step           Time
             57       57.00000

           Step           Time
             58       58.00000

   Energies (kJ/mol)
            U-B        LJ (SR)   Coulomb (SR)   Coul. recip.      Potential
    3.10464e+02    7.20779e+04   -7.19620e+05    8.46439e+03   -6.38767e+05
 Pressure (bar)   Constr. rmsd
   -3.43716e+03    6.73209e-04

           Step           Time
             59       59.00000

   Energies (kJ/mol)
            U-B        LJ (SR)   Coulomb (SR)   Coul. recip.      Potential
    1.04534e+03    7.20958e+04   -7.20367e+05    8.28435e+03   -6.38942e+05
 Pressure (bar)   Constr. rmsd
   -3.44075e+03    9.18577e-04

           Step           Time
             60       60.00000

   Energies (kJ/mol)
            U-B        LJ (SR)   Coulomb (SR)   Coul. recip.      Potential
    3.89743e+02    7.20837e+04   -7.20641e+05    8.23755e+03   -6.39930e+05
 Pressure (bar)   Constr. rmsd
   -3.47695e+03    1.71989e-03

           Step           Time
             61       61.00000

           Step           Time
             62       62.00000

   Energies (kJ/mol)
            U-B        LJ (SR)   Coulomb (SR)   Coul. recip.      Potential
    3.11886e+02    7.19871e+04   -7.20978e+05    8.16157e+03   -6.40517e+05
 Pressure (bar)   Constr. rmsd
   -3.52009e+03    1.61553e-04

           Step           Time
             63       63.00000

   Energies (kJ/mol)
            U-B        LJ (SR)   Coulomb (SR)   Coul. recip.      Potential
    6.55386e+02    7.21832e+04   -7.21680e+05    8.01908e+03   -6.40823e+05
 Pressure (bar)   Constr. rmsd
   -3.48720e+03    8.70559e-04

           Step           Time
             64       64.00000

   Energies (kJ/mol)
            U-B        LJ (SR)   Coulomb (SR)   Coul. recip.      Potential
    2.42106e+02    7.19767e+04   -7.21912e+05    7.97418e+03   -6.41719e+05
 Pressure (bar)   Constr. rmsd
   -3.56781e+03    1.47385e-04

           Step           Time
             65       65.00000

   Energies (kJ/mol)
            U-B        LJ (SR)   Coulomb (SR)   Coul. recip.      Potential
    4.22862e+02    7.21199e+04   -7.22661e+05    7.82006e+03   -6.42298e+05
 Pressure (bar)   Constr. rmsd
   -3.56043e+03    2.04395e-04

           Step           Time
             66       66.00000

   Energies (kJ/mol)
            U-B        LJ (SR)   Coulomb (SR)   Coul. recip.      Potential
    2.33738e+02    7.19928e+04   -7.22815e+05    7.79749e+03   -6.42791e+05
 Pressure (bar)   Constr. rmsd
   -3.60589e+03    4.24006e-04

           Step           Time
             67       67.00000

   Energies (kJ/mol)
            U-B        LJ (SR)   Coulomb (SR)   Coul. recip.      Potential
    4.11791e+02    7.23073e+04   -7.23702e+05    7.62566e+03   -6.43358e+05
 Pressure (bar)   Constr. rmsd
   -3.56439e+03    6.15612e-04

           Step           Time
             68       68.00000

   Energies (kJ/mol)
            U-B        LJ (SR)   Coulomb (SR)   Coul. recip.      Potential
    2.26549e+02    7.20154e+04   -7.23773e+05    7.62494e+03   -6.43907e+05
 Pressure (bar)   Constr. rmsd
   -3.64632e+03    3.00089e-04

           Step           Time
             69       69.00000

   Energies (kJ/mol)
            U-B        LJ (SR)   Coulomb (SR)   Coul. recip.      Potential
    4.73439e+02    7.21580e+04   -7.24972e+05    7.38104e+03   -6.44960e+05
 Pressure (bar)   Constr. rmsd
   -3.66063e+03    8.40393e-04

           Step           Time
             70       70.00000

   Energies (kJ/mol)
            U-B        LJ (SR)   Coulomb (SR)   Coul. recip.      Potential
    8.66316e+02    7.21300e+04   -7.25432e+05    7.35300e+03   -6.45083e+05
 Pressure (bar)   Constr. rmsd
   -3.67827e+03    1.52436e-02

Constraint error in algorithm Lincs at step 71
Wrote pdb files with previous and current coordinates
           Step           Time
             71       71.00000

           Step           Time
             72       72.00000

   Energies (kJ/mol)
            U-B        LJ (SR)   Coulomb (SR)   Coul. recip.      Potential
    3.27662e+02    7.21356e+04   -7.25749e+05    7.27211e+03   -6.46014e+05
 Pressure (bar)   Constr. rmsd
   -3.70696e+03    8.13320e-03

           Step           Time
             73       73.00000

           Step           Time
             74       74.00000

   Energies (kJ/mol)
            U-B        LJ (SR)   Coulomb (SR)   Coul. recip.      Potential
    4.17556e+02    7.21321e+04   -7.26123e+05    7.20611e+03   -6.46367e+05
 Pressure (bar)   Constr. rmsd
   -3.72300e+03    7.37377e-04

           Step           Time
             75       75.00000

   Energies (kJ/mol)
            U-B        LJ (SR)   Coulomb (SR)   Coul. recip.      Potential
    4.96568e+02    7.22251e+04   -7.26517e+05    7.13844e+03   -6.46657e+05
 Pressure (bar)   Constr. rmsd
   -3.71386e+03    2.21136e-03

           Step           Time
             76       76.00000

   Energies (kJ/mol)
            U-B        LJ (SR)   Coulomb (SR)   Coul. recip.      Potential
    5.68053e+02    7.22231e+04   -7.26866e+05    7.08516e+03   -6.46990e+05
 Pressure (bar)   Constr. rmsd
   -3.73206e+03    1.81451e-03

           Step           Time
             77       77.00000

   Energies (kJ/mol)
            U-B        LJ (SR)   Coulomb (SR)   Coul. recip.      Potential
    8.74401e+02    7.23492e+04   -7.27255e+05    7.01926e+03   -6.47012e+05
 Pressure (bar)   Constr. rmsd
   -3.70572e+03    5.37699e-03

           Step           Time
             78       78.00000

           Step           Time
             79       79.00000

   Energies (kJ/mol)
            U-B        LJ (SR)   Coulomb (SR)   Coul. recip.      Potential
    2.35925e+02    7.22317e+04   -7.27479e+05    6.98733e+03   -6.48024e+05
 Pressure (bar)   Constr. rmsd
   -3.77182e+03    1.12014e-03

           Step           Time
             80       80.00000

   Energies (kJ/mol)
            U-B        LJ (SR)   Coulomb (SR)   Coul. recip.      Potential
    8.91103e+02    7.23090e+04   -7.28259e+05    6.85213e+03   -6.48207e+05
 Pressure (bar)   Constr. rmsd
   -3.77275e+03    1.93464e-03

           Step           Time
             81       81.00000

   Energies (kJ/mol)
            U-B        LJ (SR)   Coulomb (SR)   Coul. recip.      Potential
    3.38084e+02    7.24055e+04   -7.28483e+05    6.82911e+03   -6.48910e+05
 Pressure (bar)   Constr. rmsd
   -3.77332e+03    2.60662e-03

           Step           Time
             82       82.00000

           Step           Time
             83       83.00000

   Energies (kJ/mol)
            U-B        LJ (SR)   Coulomb (SR)   Coul. recip.      Potential
    2.73253e+02    7.23585e+04   -7.28747e+05    6.79029e+03   -6.49325e+05
 Pressure (bar)   Constr. rmsd
   -3.80200e+03    1.79068e-04

           Step           Time
             84       84.00000

   Energies (kJ/mol)
            U-B        LJ (SR)   Coulomb (SR)   Coul. recip.      Potential
    4.55462e+02    7.25453e+04   -7.29274e+05    6.71106e+03   -6.49563e+05
 Pressure (bar)   Constr. rmsd
   -3.77420e+03    1.00975e-03

           Step           Time
             85       85.00000

   Energies (kJ/mol)
            U-B        LJ (SR)   Coulomb (SR)   Coul. recip.      Potential
    4.33331e+02    7.24740e+04   -7.29551e+05    6.67427e+03   -6.49969e+05
 Pressure (bar)   Constr. rmsd
   -3.80964e+03    6.90108e-04

           Step           Time
             86       86.00000

   Energies (kJ/mol)
            U-B        LJ (SR)   Coulomb (SR)   Coul. recip.      Potential
    5.69730e+02    7.26261e+04   -7.29939e+05    6.61479e+03   -6.50129e+05
 Pressure (bar)   Constr. rmsd
   -3.78443e+03    2.31835e-03

           Step           Time
             87       87.00000

           Step           Time
             88       88.00000

   Energies (kJ/mol)
            U-B        LJ (SR)   Coulomb (SR)   Coul. recip.      Potential
    2.52520e+02    7.25412e+04   -7.30160e+05    6.58632e+03   -6.50780e+05
 Pressure (bar)   Constr. rmsd
   -3.82988e+03    4.39816e-04

           Step           Time
             89       89.00000

   Energies (kJ/mol)
            U-B        LJ (SR)   Coulomb (SR)   Coul. recip.      Potential
    6.44688e+02    7.27435e+04   -7.30807e+05    6.48719e+03   -6.50932e+05
 Pressure (bar)   Constr. rmsd
   -3.79704e+03    8.93561e-04

           Step           Time
             90       90.00000

   Energies (kJ/mol)
            U-B        LJ (SR)   Coulomb (SR)   Coul. recip.      Potential
    7.86558e+02    7.27443e+04   -7.31076e+05    6.46044e+03   -6.51085e+05
 Pressure (bar)   Constr. rmsd
   -3.80892e+03    1.54513e-03

           Step           Time
             91       91.00000

   Energies (kJ/mol)
            U-B        LJ (SR)   Coulomb (SR)   Coul. recip.      Potential
    6.06145e+02    7.28185e+04   -7.31382e+05    6.41695e+03   -6.51540e+05
 Pressure (bar)   Constr. rmsd
   -3.81141e+03    2.66283e-03

           Step           Time
             92       92.00000

           Step           Time
             93       93.00000

   Energies (kJ/mol)
            U-B        LJ (SR)   Coulomb (SR)   Coul. recip.      Potential
    3.39584e+02    7.27523e+04   -7.31622e+05    6.38366e+03   -6.52146e+05
 Pressure (bar)   Constr. rmsd
   -3.84935e+03    6.28244e-04

           Step           Time
             94       94.00000

           Step           Time
             95       95.00000

   Energies (kJ/mol)
            U-B        LJ (SR)   Coulomb (SR)   Coul. recip.      Potential
    2.63718e+02    7.28022e+04   -7.31897e+05    6.34520e+03   -6.52486e+05
 Pressure (bar)   Constr. rmsd
   -3.85393e+03    2.07230e-04

           Step           Time
             96       96.00000

   Energies (kJ/mol)
            U-B        LJ (SR)   Coulomb (SR)   Coul. recip.      Potential
    6.58773e+02    7.29148e+04   -7.32363e+05    6.28244e+03   -6.52507e+05
 Pressure (bar)   Constr. rmsd
   -3.83273e+03    6.63835e-04

           Step           Time
             97       97.00000

   Energies (kJ/mol)
            U-B        LJ (SR)   Coulomb (SR)   Coul. recip.      Potential
    3.34385e+02    7.29439e+04   -7.32597e+05    6.25410e+03   -6.53065e+05
 Pressure (bar)   Constr. rmsd
   -3.85219e+03    7.88686e-04

           Step           Time
             98       98.00000

   Energies (kJ/mol)
            U-B        LJ (SR)   Coulomb (SR)   Coul. recip.      Potential
    6.95682e+02    7.29854e+04   -7.32961e+05    6.20500e+03   -6.53075e+05
 Pressure (bar)   Constr. rmsd
   -3.84714e+03    7.42319e-04

           Step           Time
             99       99.00000

   Energies (kJ/mol)
            U-B        LJ (SR)   Coulomb (SR)   Coul. recip.      Potential
    5.59140e+02    7.30951e+04   -7.33210e+05    6.17600e+03   -6.53379e+05
 Pressure (bar)   Constr. rmsd
   -3.83714e+03    2.19734e-03

           Step           Time
            100      100.00000

           Step           Time
            101      101.00000

   Energies (kJ/mol)
            U-B        LJ (SR)   Coulomb (SR)   Coul. recip.      Potential
    2.11398e+02    7.30148e+04   -7.33404e+05    6.15117e+03   -6.54027e+05
 Pressure (bar)   Constr. rmsd
   -3.88152e+03    1.80479e-04


Steepest Descents converged to Fmax < 1000 in 102 steps
Potential Energy  = -6.5402662e+05
Maximum force     =  6.8797729e+02 on atom 33313
Norm of force     =  3.0674674e+01

    D O M A I N   D E C O M P O S I T I O N   S T A T I S T I C S

 av. #atoms communicated per step for force:  2 x 0.0

Finished mdrun on rank 0 Mon Jun 30 23:21:03 2025

