                  :-) GROMACS - gmx mdrun, 2025.1-Homebrew (-:

Copyright 1991-2025 The GROMACS Authors.
GROMACS is free software; you can redistribute it and/or modify it
under the terms of the GNU Lesser General Public License
as published by the Free Software Foundation; either version 2.1
of the License, or (at your option) any later version.

                         Current GROMACS contributors:
       Mark Abraham           Andrey Alekseenko           Brian Andrews       
      Vladimir Basov              Paul Bauer                Hugh Bird         
      Eliane Briand               Ania Brown              Mahesh Doijade      
      Giacomo Fiorin          Stefan Fleischmann          Sergey Gorelov      
   Gilles Gouaillardet            Alan Gray              M. Eric Irrgang      
   Farzaneh Jalalypour         Petter Johansson          Carsten Kutzner      
    Grzegorz Łazarski         Justin A. Lemkul          Magnus Lundborg      
       Pascal Merz             Vedran Miletić            Dmitry Morozov      
     Lukas Müllender            Julien Nabet             Szilárd Páll      
 Andrea Pasquadibisceglie     Michele Pellegrino         Nicola Piasentin     
     Daniele Rapetti         Muhammad Umair Sadiq         Hubert Santuz       
      Roland Schulz             Michael Shirts           Tatiana Shugaeva     
     Alexey Shvetsov            Philip Turner            Alessandra Villa     
 Sebastian Wingbermühle  

                         Previous GROMACS contributors:
        Emile Apol             Rossen Apostolov           James Barnett       
  Herman J.C. Berendsen         Cathrine Bergh             Par Bjelkmar       
      Christian Blau          Viacheslav Bolnykh            Kevin Boyd        
    Aldert van Buuren          Carlo Camilloni           Rudi van Drunen      
      Anton Feenstra           Oliver Fleetwood            Vytas Gapsys       
       Gaurav Garg             Gerrit Groenhof            Bert de Groot       
      Anca Hamuraru           Vincent Hindriksen          Victor Holanda      
     Aleksei Iupinov              Joe Jordan            Christoph Junghans    
    Prashanth Kanduri        Dimitrios Karkoulis           Peter Kasson       
      Sebastian Kehl           Sebastian Keller             Jiri Kraus        
       Per Larsson              Viveca Lindahl            Erik Marklund       
    Pieter Meulenhoff           Teemu Murtola              Sander Pronk       
      Alfons Sijbers            Balint Soproni         David van der Spoel    
      Peter Tieleman            Carsten Uphoff             Jon Vincent        
     Teemu Virolainen         Christian Wennberg           Maarten Wolf       
      Artem Zhmurov       

                  Coordinated by the GROMACS project leaders:
                           Berk Hess and Erik Lindahl

GROMACS:      gmx mdrun, version 2025.1-Homebrew
Executable:   /opt/homebrew/bin/../Cellar/gromacs/2025.1/bin/gmx
Data prefix:  /opt/homebrew/bin/../Cellar/gromacs/2025.1
Working dir:  /Users/heiley/Desktop/SURP/project/NH4Cl/nh4cl-0.15M-4-4-4-box
Process ID:   2408
Command line:
  gmx mdrun -v -deffnm step4_minimization -s step4_minimization.tpr

GROMACS version:     2025.1-Homebrew
Precision:           mixed
Memory model:        64 bit
MPI library:         thread_mpi
OpenMP support:      enabled (GMX_OPENMP_MAX_THREADS = 128)
GPU support:         disabled
SIMD instructions:   ARM_NEON_ASIMD
CPU FFT library:     fftw-3.3.10
GPU FFT library:     none
Multi-GPU FFT:       none
TNG support:         enabled
Hwloc support:       disabled
Tracing support:     disabled
C compiler:          /opt/homebrew/opt/gcc/bin/gcc-14
C compiler flags:    -fexcess-precision=fast -funroll-all-loops -Wno-missing-field-initializers -O3 -DNDEBUG
C++ compiler:        /opt/homebrew/opt/gcc/bin/g++-14
C++ compiler flags:  -fexcess-precision=fast -funroll-all-loops -Wno-missing-field-initializers -Weverything -Wno-c++98-compat -Wno-c++98-compat-pedantic -Wno-return-std-move-in-c++11 -Wno-source-uses-openmp -Wno-c++17-extensions -Wno-documentation-unknown-command -Wno-covered-switch-default -Wno-switch-enum -Wno-switch-default -Wno-extra-semi-stmt -Wno-weak-vtables -Wno-shadow -Wno-padded -Wno-reserved-id-macro -Wno-double-promotion -Wno-exit-time-destructors -Wno-global-constructors -Wno-documentation -Wno-format-nonliteral -Wno-used-but-marked-unused -Wno-float-equal -Wno-conditional-uninitialized -Wno-conversion -Wno-disabled-macro-expansion -Wno-unused-macros -Wno-unsafe-buffer-usage -Wno-cast-function-type-strict SHELL:-fopenmp -O3 -DNDEBUG
BLAS library:        External - detected on the system
LAPACK library:      External - detected on the system


Running on 1 node with total 0 processing units
Hardware detected on host Heileys-MacBook-Air.local:
  CPU info:
    Vendor: ARM
    Brand:  Unknown CPU brand
    Family: 0   Model: 0   Stepping: 0
    Features: neon neon_asimd
  Hardware topology: Only logical processor count
    CPU limit set by OS: -1   Recommended max number of threads: 8


++++ PLEASE READ AND CITE THE FOLLOWING REFERENCE ++++
M. J. Abraham, T. Murtola, R. Schulz, S. Páll, J. C. Smith, B. Hess, E.
Lindahl
GROMACS: High performance molecular simulations through multi-level
parallelism from laptops to supercomputers
SoftwareX (2015)
DOI: 10.1016/j.softx.2015.06.001
-------- -------- --- Thank You --- -------- --------


++++ PLEASE READ AND CITE THE FOLLOWING REFERENCE ++++
S. Páll, M. J. Abraham, C. Kutzner, B. Hess, E. Lindahl
Tackling Exascale Software Challenges in Molecular Dynamics Simulations with
GROMACS
In S. Markidis & E. Laure (Eds.), Solving Software Challenges for Exascale (2015)
DOI: 10.1007/978-3-319-15976-8_1
-------- -------- --- Thank You --- -------- --------


++++ PLEASE READ AND CITE THE FOLLOWING REFERENCE ++++
S. Pronk, S. Páll, R. Schulz, P. Larsson, P. Bjelkmar, R. Apostolov, M. R.
Shirts, J. C. Smith, P. M. Kasson, D. van der Spoel, B. Hess, E. Lindahl
GROMACS 4.5: a high-throughput and highly parallel open source molecular
simulation toolkit
Bioinformatics (2013)
DOI: 10.1093/bioinformatics/btt055
-------- -------- --- Thank You --- -------- --------


++++ PLEASE READ AND CITE THE FOLLOWING REFERENCE ++++
B. Hess, C. Kutzner, D. van der Spoel, E. Lindahl
GROMACS 4: Algorithms for highly efficient, load-balanced, and scalable
molecular simulation
J. Chem. Theory Comput. (2008)
DOI: 10.1021/ct700301q
-------- -------- --- Thank You --- -------- --------


++++ PLEASE READ AND CITE THE FOLLOWING REFERENCE ++++
D. van der Spoel, E. Lindahl, B. Hess, G. Groenhof, A. E. Mark, H. J. C.
Berendsen
GROMACS: Fast, Flexible and Free
J. Comp. Chem. (2005)
DOI: 10.1002/jcc.20291
-------- -------- --- Thank You --- -------- --------


++++ PLEASE READ AND CITE THE FOLLOWING REFERENCE ++++
E. Lindahl, B. Hess, D. van der Spoel
GROMACS 3.0: A package for molecular simulation and trajectory analysis
J. Mol. Mod. (2001)
DOI: 10.1007/s008940100045
-------- -------- --- Thank You --- -------- --------


++++ PLEASE READ AND CITE THE FOLLOWING REFERENCE ++++
H. J. C. Berendsen, D. van der Spoel and R. van Drunen
GROMACS: A message-passing parallel molecular dynamics implementation
Comp. Phys. Comm. (1995)
DOI: 10.1016/0010-4655(95)00042-E
-------- -------- --- Thank You --- -------- --------

Input Parameters:
   integrator                     = steep
   tinit                          = 0
   dt                             = 0.001
   nsteps                         = 5000
   init-step                      = 0
   simulation-part                = 1
   mts                            = false
   mass-repartition-factor        = 1
   comm-mode                      = Linear
   nstcomm                        = 100
   bd-fric                        = 0
   ld-seed                        = 2054233053
   emtol                          = 1000
   emstep                         = 0.01
   niter                          = 20
   fcstep                         = 0
   nstcgsteep                     = 1000
   nbfgscorr                      = 10
   rtpi                           = 0.05
   nstxout                        = 0
   nstvout                        = 0
   nstfout                        = 0
   nstlog                         = 1000
   nstcalcenergy                  = 100
   nstenergy                      = 1000
   nstxout-compressed             = 0
   compressed-x-precision         = 1000
   cutoff-scheme                  = Verlet
   nstlist                        = 10
   pbc                            = xyz
   periodic-molecules             = false
   verlet-buffer-tolerance        = 0.005
   verlet-buffer-pressure-tolerance = 0.5
   rlist                          = 1.26
   coulombtype                    = PME
   coulomb-modifier               = Potential-shift
   rcoulomb-switch                = 0
   rcoulomb                       = 1.2
   epsilon-r                      = 1
   epsilon-rf                     = inf
   vdw-type                       = Cut-off
   vdw-modifier                   = Force-switch
   rvdw-switch                    = 1
   rvdw                           = 1.2
   DispCorr                       = No
   table-extension                = 1
   fourierspacing                 = 0.12
   fourier-nx                     = 36
   fourier-ny                     = 36
   fourier-nz                     = 36
   pme-order                      = 4
   ewald-rtol                     = 1e-05
   ewald-rtol-lj                  = 0.001
   lj-pme-comb-rule               = Geometric
   ewald-geometry                 = 3d
   epsilon-surface                = 0
   ensemble-temperature-setting   = not available
   tcoupl                         = No
   nsttcouple                     = -1
   nh-chain-length                = 0
   print-nose-hoover-chain-variables = false
   pcoupl                         = No
   refcoord-scaling               = No
   posres-com: not available
   posres-comB: not available
   QMMM                           = false
qm-opts:
   ngQM                           = 0
   constraint-algorithm           = Lincs
   continuation                   = false
   Shake-SOR                      = false
   shake-tol                      = 0.0001
   lincs-order                    = 4
   lincs-iter                     = 1
   lincs-warnangle                = 30
   nwall                          = 0
   wall-type                      = 9-3
   wall-r-linpot                  = -1
   wall-atomtype[0]               = -1
   wall-atomtype[1]               = -1
   wall-density[0]                = 0
   wall-density[1]                = 0
   wall-ewald-zfac                = 3
   pull                           = false
   awh                            = false
   rotation                       = false
   interactiveMD                  = false
   disre                          = No
   disre-weighting                = Conservative
   disre-mixed                    = false
   dr-fc                          = 1000
   dr-tau                         = 0
   nstdisreout                    = 100
   orire-fc                       = 0
   orire-tau                      = 0
   nstorireout                    = 100
   free-energy                    = no
   cos-acceleration               = 0
   deform (3x3):
      deform[    0]={ 0.00000e+00,  0.00000e+00,  0.00000e+00}
      deform[    1]={ 0.00000e+00,  0.00000e+00,  0.00000e+00}
      deform[    2]={ 0.00000e+00,  0.00000e+00,  0.00000e+00}
   simulated-tempering            = false
   swapcoords                     = no
   userint1                       = 0
   userint2                       = 0
   userint3                       = 0
   userint4                       = 0
   userreal1                      = 0
   userreal2                      = 0
   userreal3                      = 0
   userreal4                      = 0
   applied-forces:
     electric-field:
       x:
         E0                       = 0
         omega                    = 0
         t0                       = 0
         sigma                    = 0
       y:
         E0                       = 0
         omega                    = 0
         t0                       = 0
         sigma                    = 0
       z:
         E0                       = 0
         omega                    = 0
         t0                       = 0
         sigma                    = 0
     density-guided-simulation:
       active                     = false
       group                      = protein
       similarity-measure         = inner-product
       atom-spreading-weight      = unity
       force-constant             = 1e+09
       gaussian-transform-spreading-width = 0.2
       gaussian-transform-spreading-range-in-multiples-of-width = 4
       reference-density-filename = reference.mrc
       nst                        = 1
       normalize-densities        = true
       adaptive-force-scaling     = false
       adaptive-force-scaling-time-constant = 4
       shift-vector               = 
       transformation-matrix      = 
     qmmm-cp2k:
       active                     = false
       qmgroup                    = System
       qmmethod                   = PBE
       qmfilenames                = 
       qmcharge                   = 0
       qmmultiplicity             = 1
     colvars:
       active                     = false
       configfile                 = 
       seed                       = -1
     nnpot:
       active                     = false
       modelfile                  = model.pt
       input-group                = System
       model-input1               = 
       model-input2               = 
       model-input3               = 
       model-input4               = 
grpopts:
   nrdf:       12213
   ref-t:           0
   tau-t:           0
annealing:          No
annealing-npoints:           0
   acc:	           0           0           0
   nfreeze:           N           N           N
   energygrp-flags[  0]: 0


Initializing Domain Decomposition on 1 ranks
NOTE: disabling dynamic load balancing as it is only supported with dynamics, not with integrator 'steep'.
Dynamic load balancing: off
Using update groups, nr 2034, average size 3.0 atoms, max. radius 0.146 nm
Minimum cell size due to atom displacement: 0.060 nm
Using 0 separate PME ranks because: there are too few total ranks for efficient splitting
Optimizing the DD grid for 1 cells with a minimum initial size of 0.060 nm
The maximum allowed number of cells is: X 66 Y 66 Z 66
Domain decomposition grid 1 x 1 x 1, separate PME ranks 0
PME domain decomposition: 1 x 1 x 1

The initial number of communication pulses is:
The initial domain decomposition cell size is:

Local state does not use filler particles

Using 1 MPI thread
Using 8 OpenMP threads 

System total charge: 0.000
Will do PME sum in reciprocal space for electrostatic interactions.

++++ PLEASE READ AND CITE THE FOLLOWING REFERENCE ++++
U. Essmann, L. Perera, M. L. Berkowitz, T. Darden, H. Lee, L. G. Pedersen 
A smooth particle mesh Ewald method
J. Chem. Phys. (1995)
DOI: 10.1063/1.470117
-------- -------- --- Thank You --- -------- --------

Using a Gaussian width (1/beta) of 0.384195 nm for Ewald
Potential shift: LJ r^-12: -2.648e-01 r^-6: -5.349e-01, Ewald -8.333e-06
Initialized non-bonded Coulomb Ewald tables, spacing: 1.02e-03 size: 1176



Using SIMD4xM 4x4 nonbonded short-range kernels

Using a 4x4 pair-list setup:
  updated every 10 steps, buffer 0.060 nm, rlist 1.260 nm
Removing pbc first time

Linking all bonded interactions to atoms


Initializing LINear Constraint Solver

++++ PLEASE READ AND CITE THE FOLLOWING REFERENCE ++++
B. Hess, H. Bekker, H. J. C. Berendsen, J. G. E. M. Fraaije
LINCS: A Linear Constraint Solver for molecular simulations
J. Comp. Chem. (1997)
DOI: 10.1002/(sici)1096-987x(199709)18:12<1463::aid-jcc4>3.0.co;2-h
-------- -------- --- Thank You --- -------- --------

The number of constraints is 24

++++ PLEASE READ AND CITE THE FOLLOWING REFERENCE ++++
S. Miyamoto, P. A. Kollman
SETTLE: An Analytical Version of the SHAKE and RATTLE Algorithms for Rigid
Water Models
J. Comp. Chem. (1992)
DOI: 10.1002/jcc.540130805
-------- -------- --- Thank You --- -------- --------


Note that activating steepest-descent energy minimization via the integrator .mdp option and the command gmx mdrun may be available in a different form in a future version of GROMACS, e.g. gmx minimize and an .mdp option.
Initiating Steepest Descents

Atom distribution over 1 domains: av 6102 stddev 0 min 6102 max 6102
Started Steepest Descents on rank 0 Thu Jul  3 02:40:45 2025


Steepest Descents:
   Tolerance (Fmax)   =  1.00000e+03
   Number of steps    =         5000
           Step           Time
              0        0.00000

   Energies (kJ/mol)
            U-B        LJ (SR)   Coulomb (SR)   Coul. recip.      Potential
    1.83435e-01    2.79741e+04   -1.14794e+05    1.78529e+03   -8.50340e+04
 Pressure (bar)   Constr. rmsd
    1.36885e+04    1.76237e-06

           Step           Time
              1        1.00000

   Energies (kJ/mol)
            U-B        LJ (SR)   Coulomb (SR)   Coul. recip.      Potential
    1.90547e-01    2.31569e+04   -1.14825e+05    1.78106e+03   -8.98870e+04
 Pressure (bar)   Constr. rmsd
    7.72273e+03    1.26960e-06

           Step           Time
              2        2.00000

   Energies (kJ/mol)
            U-B        LJ (SR)   Coulomb (SR)   Coul. recip.      Potential
    2.28790e-01    2.03010e+04   -1.14876e+05    1.77002e+03   -9.28048e+04
 Pressure (bar)   Constr. rmsd
    4.35438e+03    1.31096e-06

           Step           Time
              3        3.00000

   Energies (kJ/mol)
            U-B        LJ (SR)   Coulomb (SR)   Coul. recip.      Potential
    5.42541e-01    1.80650e+04   -1.14974e+05    1.73752e+03   -9.51706e+04
 Pressure (bar)   Constr. rmsd
    1.85366e+03    1.51660e-06

           Step           Time
              4        4.00000

   Energies (kJ/mol)
            U-B        LJ (SR)   Coulomb (SR)   Coul. recip.      Potential
    3.30275e+00    1.64952e+04   -1.15139e+05    1.64671e+03   -9.69934e+04
 Pressure (bar)   Constr. rmsd
    1.39981e+02    3.93865e-06

           Step           Time
              5        5.00000

   Energies (kJ/mol)
            U-B        LJ (SR)   Coulomb (SR)   Coul. recip.      Potential
    1.46892e+01    1.56458e+04   -1.15379e+05    1.42247e+03   -9.82959e+04
 Pressure (bar)   Constr. rmsd
   -8.34398e+02    7.05829e-06

           Step           Time
              6        6.00000

   Energies (kJ/mol)
            U-B        LJ (SR)   Coulomb (SR)   Coul. recip.      Potential
    1.20648e+01    1.51405e+04   -1.15554e+05    9.83679e+02   -9.94181e+04
 Pressure (bar)   Constr. rmsd
   -1.44770e+03    8.87510e-05

           Step           Time
              7        7.00000

   Energies (kJ/mol)
            U-B        LJ (SR)   Coulomb (SR)   Coul. recip.      Potential
    1.78389e+01    1.47700e+04   -1.15465e+05    6.83040e+02   -9.99942e+04
 Pressure (bar)   Constr. rmsd
   -1.85322e+03    1.09058e-04

           Step           Time
              8        8.00000

   Energies (kJ/mol)
            U-B        LJ (SR)   Coulomb (SR)   Coul. recip.      Potential
    5.38914e+01    1.45785e+04   -1.15463e+05    6.97022e+02   -1.00133e+05
 Pressure (bar)   Constr. rmsd
   -2.06509e+03    1.44784e-03

           Step           Time
              9        9.00000

           Step           Time
             10       10.00000

   Energies (kJ/mol)
            U-B        LJ (SR)   Coulomb (SR)   Coul. recip.      Potential
    1.21721e+01    1.44778e+04   -1.15476e+05    6.76711e+02   -1.00309e+05
 Pressure (bar)   Constr. rmsd
   -2.19742e+03    3.46762e-04

           Step           Time
             11       11.00000

   Energies (kJ/mol)
            U-B        LJ (SR)   Coulomb (SR)   Coul. recip.      Potential
    8.72419e+01    1.43467e+04   -1.15461e+05    6.32791e+02   -1.00394e+05
 Pressure (bar)   Constr. rmsd
   -2.32664e+03    4.00231e-03

           Step           Time
             12       12.00000

   Energies (kJ/mol)
            U-B        LJ (SR)   Coulomb (SR)   Coul. recip.      Potential
    2.41872e+01    1.42767e+04   -1.15468e+05    6.23081e+02   -1.00544e+05
 Pressure (bar)   Constr. rmsd
   -2.43104e+03    5.72359e-04

           Step           Time
             13       13.00000

           Step           Time
             14       14.00000

   Energies (kJ/mol)
            U-B        LJ (SR)   Coulomb (SR)   Coul. recip.      Potential
    2.47774e+01    1.42119e+04   -1.15460e+05    6.10625e+02   -1.00613e+05
 Pressure (bar)   Constr. rmsd
   -2.50824e+03    1.24859e-03

           Step           Time
             15       15.00000

   Energies (kJ/mol)
            U-B        LJ (SR)   Coulomb (SR)   Coul. recip.      Potential
    3.83988e+01    1.41662e+04   -1.15470e+05    5.95167e+02   -1.00670e+05
 Pressure (bar)   Constr. rmsd
   -2.55995e+03    6.74138e-04

           Step           Time
             16       16.00000

   Energies (kJ/mol)
            U-B        LJ (SR)   Coulomb (SR)   Coul. recip.      Potential
    6.48751e+01    1.41155e+04   -1.15459e+05    5.84417e+02   -1.00695e+05
 Pressure (bar)   Constr. rmsd
   -2.61150e+03    4.91851e-03

           Step           Time
             17       17.00000

   Energies (kJ/mol)
            U-B        LJ (SR)   Coulomb (SR)   Coul. recip.      Potential
    4.62240e+01    1.40717e+04   -1.15475e+05    5.73690e+02   -1.00783e+05
 Pressure (bar)   Constr. rmsd
   -2.67516e+03    7.50728e-04

           Step           Time
             18       18.00000

           Step           Time
             19       19.00000

   Energies (kJ/mol)
            U-B        LJ (SR)   Coulomb (SR)   Coul. recip.      Potential
    1.45998e+01    1.40325e+04   -1.15472e+05    5.66763e+02   -1.00858e+05
 Pressure (bar)   Constr. rmsd
   -2.72878e+03    1.75146e-03

           Step           Time
             20       20.00000

   Energies (kJ/mol)
            U-B        LJ (SR)   Coulomb (SR)   Coul. recip.      Potential
    6.64160e+01    1.39939e+04   -1.15492e+05    5.51223e+02   -1.00880e+05
 Pressure (bar)   Constr. rmsd
   -2.76817e+03    1.57902e-03

           Step           Time
             21       21.00000

   Energies (kJ/mol)
            U-B        LJ (SR)   Coulomb (SR)   Coul. recip.      Potential
    5.70053e+01    1.39593e+04   -1.15485e+05    5.46159e+02   -1.00923e+05
 Pressure (bar)   Constr. rmsd
   -2.80832e+03    7.22189e-03

           Step           Time
             22       22.00000

   Energies (kJ/mol)
            U-B        LJ (SR)   Coulomb (SR)   Coul. recip.      Potential
    6.88160e+01    1.39283e+04   -1.15508e+05    5.36681e+02   -1.00974e+05
 Pressure (bar)   Constr. rmsd
   -2.85398e+03    1.19161e-03

           Step           Time
             23       23.00000

           Step           Time
             24       24.00000

   Energies (kJ/mol)
            U-B        LJ (SR)   Coulomb (SR)   Coul. recip.      Potential
    1.07654e+01    1.38981e+04   -1.15507e+05    5.32297e+02   -1.01066e+05
 Pressure (bar)   Constr. rmsd
   -2.90199e+03    2.30474e-03


Steepest Descents converged to Fmax < 1000 in 25 steps
Potential Energy  = -1.0106611e+05
Maximum force     =  9.6544641e+02 on atom 6067
Norm of force     =  3.3203182e+01

    D O M A I N   D E C O M P O S I T I O N   S T A T I S T I C S

 av. #atoms communicated per step for force:  2 x 0.0

Finished mdrun on rank 0 Thu Jul  3 02:40:45 2025

